This file contains any messages produced by compilers while
running configure, to aid debugging if configure makes a mistake.

It was created by configure, which was
generated by GNU Autoconf 2.65.  Invocation command line was

  $ ./configure --prefix=/home/user/software/ASTROSAT/czti_noise_reduction/codes/C/czti_pipeline/CZTI/LIBS/cfitsio/../..

## --------- ##
## Platform. ##
## --------- ##

hostname = user-HP-Laptop-15g-br0xx
uname -m = x86_64
uname -r = 4.13.0-46-generic
uname -s = Linux
uname -v = #51-Ubuntu SMP Tue Jun 12 12:36:29 UTC 2018

/usr/bin/uname -p = unknown
/bin/uname -X     = unknown

/bin/arch              = unknown
/usr/bin/arch -k       = unknown
/usr/convex/getsysinfo = unknown
/usr/bin/hostinfo      = unknown
/bin/machine           = unknown
/usr/bin/oslevel       = unknown
/bin/universe          = unknown

PATH: /home/user/software/ASTROSAT/czti_noise_reduction/codes/C/czti_pipeline/CZTI/czti/bin
PATH: /home/user/software/ASTROSAT/czti_noise_reduction/codes/C/czti_pipeline/CZTI/czti/scripts
PATH: /home/user/software/GEANT4/geant4.10.05/geant4-install/bin
PATH: /home/user/software/heasoft-6.25/x86_64-pc-linux-gnu-libc2.26/bin
PATH: /home/user/anaconda3/bin
PATH: /home/user/anaconda3/condabin
PATH: /home/user/software/ASTROSAT/czti_noise_reduction/codes/C/czti_pipeline/CZTI/czti/bin
PATH: /home/user/software/ASTROSAT/czti_noise_reduction/codes/C/czti_pipeline/CZTI/czti/scripts
PATH: /home/user/software/GEANT4/geant4.10.05/geant4-install/bin
PATH: /usr/local/sbin
PATH: /usr/local/bin
PATH: /usr/sbin
PATH: /usr/bin
PATH: /sbin
PATH: /bin
PATH: /usr/games
PATH: /usr/local/games
PATH: /snap/bin
PATH: /home/user/software/ASTROSAT/czti_noise_reduction/noise_codes/bin
PATH: /home/user/software/ASTROSAT/czti_noise_reduction/noise_codes/bin/


## ----------- ##
## Core tests. ##
## ----------- ##

configure:2093: checking for uname
configure:2109: found /bin/uname
configure:2121: result: 1
configure:2144: checking for cc
configure:2160: found /usr/bin/cc
configure:2171: result: cc
configure:2487: checking for C compiler version
configure:2496: cc --version >&5
cc (Ubuntu 7.2.0-8ubuntu3.2) 7.2.0
Copyright (C) 2017 Free Software Foundation, Inc.
This is free software; see the source for copying conditions.  There is NO
warranty; not even for MERCHANTABILITY or FITNESS FOR A PARTICULAR PURPOSE.

configure:2507: $? = 0
configure:2496: cc -v >&5
Using built-in specs.
COLLECT_GCC=cc
COLLECT_LTO_WRAPPER=/usr/lib/gcc/x86_64-linux-gnu/7/lto-wrapper
OFFLOAD_TARGET_NAMES=nvptx-none
OFFLOAD_TARGET_DEFAULT=1
Target: x86_64-linux-gnu
Configured with: ../src/configure -v --with-pkgversion='Ubuntu 7.2.0-8ubuntu3.2' --with-bugurl=file:///usr/share/doc/gcc-7/README.Bugs --enable-languages=c,ada,c++,go,brig,d,fortran,objc,obj-c++ --prefix=/usr --with-gcc-major-version-only --program-suffix=-7 --program-prefix=x86_64-linux-gnu- --enable-shared --enable-linker-build-id --libexecdir=/usr/lib --without-included-gettext --enable-threads=posix --libdir=/usr/lib --enable-nls --with-sysroot=/ --enable-clocale=gnu --enable-libstdcxx-debug --enable-libstdcxx-time=yes --with-default-libstdcxx-abi=new --enable-gnu-unique-object --disable-vtable-verify --enable-libmpx --enable-plugin --enable-default-pie --with-system-zlib --with-target-system-zlib --enable-objc-gc=auto --enable-multiarch --disable-werror --with-arch-32=i686 --with-abi=m64 --with-multilib-list=m32,m64,mx32 --enable-multilib --with-tune=generic --enable-offload-targets=nvptx-none --without-cuda-driver --enable-checking=release --build=x86_64-linux-gnu --host=x86_64-linux-gnu --target=x86_64-linux-gnu
Thread model: posix
gcc version 7.2.0 (Ubuntu 7.2.0-8ubuntu3.2) 
configure:2507: $? = 0
configure:2496: cc -V >&5
cc: error: unrecognized command line option '-V'
cc: fatal error: no input files
compilation terminated.
configure:2507: $? = 1
configure:2496: cc -qversion >&5
cc: error: unrecognized command line option '-qversion'; did you mean '--version'?
cc: fatal error: no input files
compilation terminated.
configure:2507: $? = 1
configure:2527: checking whether the C compiler works
configure:2549: cc    conftest.c  >&5
configure:2553: $? = 0
configure:2602: result: yes
configure:2605: checking for C compiler default output file name
configure:2607: result: a.out
configure:2613: checking for suffix of executables
configure:2620: cc -o conftest    conftest.c  >&5
configure:2624: $? = 0
configure:2646: result: 
configure:2668: checking whether we are cross compiling
configure:2676: cc -o conftest    conftest.c  >&5
configure:2680: $? = 0
configure:2687: ./conftest
configure:2691: $? = 0
configure:2706: result: no
configure:2711: checking for suffix of object files
configure:2733: cc -c   conftest.c >&5
configure:2737: $? = 0
configure:2758: result: o
configure:2762: checking whether we are using the GNU C compiler
configure:2781: cc -c   conftest.c >&5
configure:2781: $? = 0
configure:2790: result: yes
configure:2799: checking whether cc accepts -g
configure:2819: cc -c -g  conftest.c >&5
configure:2819: $? = 0
configure:2860: result: yes
configure:2877: checking for cc option to accept ISO C89
configure:2941: cc  -c -g -O2  conftest.c >&5
configure:2941: $? = 0
configure:2954: result: none needed
configure:2987: checking for gfortran
configure:3003: found /usr/bin/gfortran
configure:3014: result: gfortran
configure:3098: checking for ranlib
configure:3114: found /usr/bin/ranlib
configure:3125: result: ranlib
configure:3154: checking how to run the C preprocessor
configure:3185: cc -E  conftest.c
configure:3185: $? = 0
configure:3199: cc -E  conftest.c
conftest.c:9:10: fatal error: ac_nonexistent.h: No such file or directory
 #include <ac_nonexistent.h>
          ^~~~~~~~~~~~~~~~~~
compilation terminated.
configure:3199: $? = 1
configure: failed program was:
| /* confdefs.h */
| #define PACKAGE_NAME ""
| #define PACKAGE_TARNAME ""
| #define PACKAGE_VERSION ""
| #define PACKAGE_STRING ""
| #define PACKAGE_BUGREPORT ""
| #define PACKAGE_URL ""
| /* end confdefs.h.  */
| #include <ac_nonexistent.h>
configure:3224: result: cc -E
configure:3244: cc -E  conftest.c
configure:3244: $? = 0
configure:3258: cc -E  conftest.c
conftest.c:9:10: fatal error: ac_nonexistent.h: No such file or directory
 #include <ac_nonexistent.h>
          ^~~~~~~~~~~~~~~~~~
compilation terminated.
configure:3258: $? = 1
configure: failed program was:
| /* confdefs.h */
| #define PACKAGE_NAME ""
| #define PACKAGE_TARNAME ""
| #define PACKAGE_VERSION ""
| #define PACKAGE_STRING ""
| #define PACKAGE_BUGREPORT ""
| #define PACKAGE_URL ""
| /* end confdefs.h.  */
| #include <ac_nonexistent.h>
configure:3287: checking for grep that handles long lines and -e
configure:3345: result: /bin/grep
configure:3350: checking for egrep
configure:3412: result: /bin/grep -E
configure:3417: checking for ANSI C header files
configure:3437: cc -c -g -O2  conftest.c >&5
configure:3437: $? = 0
configure:3510: cc -o conftest -g -O2   conftest.c  >&5
configure:3510: $? = 0
configure:3510: ./conftest
configure:3510: $? = 0
configure:3521: result: yes
configure:3534: checking for sys/types.h
configure:3534: cc -c -g -O2  conftest.c >&5
configure:3534: $? = 0
configure:3534: result: yes
configure:3534: checking for sys/stat.h
configure:3534: cc -c -g -O2  conftest.c >&5
configure:3534: $? = 0
configure:3534: result: yes
configure:3534: checking for stdlib.h
configure:3534: cc -c -g -O2  conftest.c >&5
configure:3534: $? = 0
configure:3534: result: yes
configure:3534: checking for string.h
configure:3534: cc -c -g -O2  conftest.c >&5
configure:3534: $? = 0
configure:3534: result: yes
configure:3534: checking for memory.h
configure:3534: cc -c -g -O2  conftest.c >&5
configure:3534: $? = 0
configure:3534: result: yes
configure:3534: checking for strings.h
configure:3534: cc -c -g -O2  conftest.c >&5
configure:3534: $? = 0
configure:3534: result: yes
configure:3534: checking for inttypes.h
configure:3534: cc -c -g -O2  conftest.c >&5
configure:3534: $? = 0
configure:3534: result: yes
configure:3534: checking for stdint.h
configure:3534: cc -c -g -O2  conftest.c >&5
configure:3534: $? = 0
configure:3534: result: yes
configure:3534: checking for unistd.h
configure:3534: cc -c -g -O2  conftest.c >&5
configure:3534: $? = 0
configure:3534: result: yes
configure:3550: checking for stdlib.h
configure:3550: result: yes
configure:3550: checking for string.h
configure:3550: result: yes
configure:3550: checking math.h usability
configure:3550: cc -c -g -O2  conftest.c >&5
configure:3550: $? = 0
configure:3550: result: yes
configure:3550: checking math.h presence
configure:3550: cc -E  conftest.c
configure:3550: $? = 0
configure:3550: result: yes
configure:3550: checking for math.h
configure:3550: result: yes
configure:3550: checking limits.h usability
configure:3550: cc -c -g -O2  conftest.c >&5
configure:3550: $? = 0
configure:3550: result: yes
configure:3550: checking limits.h presence
configure:3550: cc -E  conftest.c
configure:3550: $? = 0
configure:3550: result: yes
configure:3550: checking for limits.h
configure:3550: result: yes
configure:3574: cc -c -g -O2  conftest.c >&5
configure:3574: $? = 0
configure:3875: checking "whether ftruncate works"
configure:3891: cc -o conftest -g -O2 -Dg77Fortran -fPIC   conftest.c  >&5
conftest.c: In function 'main':
conftest.c:31:1: warning: ignoring return value of 'ftruncate', declared with attribute warn_unused_result [-Wunused-result]
 ftruncate(0, 0);
 ^~~~~~~~~~~~~~~
configure:3891: $? = 0
configure:3895: result: "yes"
configure:3909: checking "whether long long is defined"
configure:3925: cc -c -g -O2 -Dg77Fortran -fPIC  conftest.c >&5
configure:3925: $? = 0
configure:3929: result: "yes"
configure:3950: checking "whether system V style IPC services are supported"
configure:3971: cc -o conftest -g -O2 -Dg77Fortran -fPIC   conftest.c  >&5
configure:3971: $? = 0
configure:3976: result: "yes"
configure:3992: checking "do we have flock_t defined in sys/fcntl.h"
configure:4008: cc -c -g -O2 -Dg77Fortran -fPIC  conftest.c >&5
conftest.c: In function 'main':
conftest.c:34:1: error: unknown type name 'flock_t'; did you mean '__clock_t'?
 flock_t filler;
 ^~~~~~~
 __clock_t
configure:4008: $? = 1
configure: failed program was:
| /* confdefs.h */
| #define PACKAGE_NAME ""
| #define PACKAGE_TARNAME ""
| #define PACKAGE_VERSION ""
| #define PACKAGE_STRING ""
| #define PACKAGE_BUGREPORT ""
| #define PACKAGE_URL ""
| #define STDC_HEADERS 1
| #define HAVE_SYS_TYPES_H 1
| #define HAVE_SYS_STAT_H 1
| #define HAVE_STDLIB_H 1
| #define HAVE_STRING_H 1
| #define HAVE_MEMORY_H 1
| #define HAVE_STRINGS_H 1
| #define HAVE_INTTYPES_H 1
| #define HAVE_STDINT_H 1
| #define HAVE_UNISTD_H 1
| #define HAVE_STDLIB_H 1
| #define HAVE_STRING_H 1
| #define HAVE_MATH_H 1
| #define HAVE_LIMITS_H 1
| #define _LARGEFILE_SOURCE 1
| #define _FILE_OFFSET_BITS 64
| #define HAVE_FTRUNCATE 1
| #define HAVE_LONGLONG 1
| #define HAVE_SHMEM_SERVICES 1
| /* end confdefs.h.  */
| #include <sys/fcntl.h>
| 
| int
| main ()
| {
| 
| flock_t filler;
| 
|   ;
|   return 0;
| }
configure:4016: result: "no"
configure:4022: checking "do we have flock_t defined in sys/flock.h"
configure:4038: cc -c -g -O2 -Dg77Fortran -fPIC  conftest.c >&5
conftest.c:28:10: fatal error: sys/flock.h: No such file or directory
 #include <sys/flock.h>
          ^~~~~~~~~~~~~
compilation terminated.
configure:4038: $? = 1
configure: failed program was:
| /* confdefs.h */
| #define PACKAGE_NAME ""
| #define PACKAGE_TARNAME ""
| #define PACKAGE_VERSION ""
| #define PACKAGE_STRING ""
| #define PACKAGE_BUGREPORT ""
| #define PACKAGE_URL ""
| #define STDC_HEADERS 1
| #define HAVE_SYS_TYPES_H 1
| #define HAVE_SYS_STAT_H 1
| #define HAVE_STDLIB_H 1
| #define HAVE_STRING_H 1
| #define HAVE_MEMORY_H 1
| #define HAVE_STRINGS_H 1
| #define HAVE_INTTYPES_H 1
| #define HAVE_STDINT_H 1
| #define HAVE_UNISTD_H 1
| #define HAVE_STDLIB_H 1
| #define HAVE_STRING_H 1
| #define HAVE_MATH_H 1
| #define HAVE_LIMITS_H 1
| #define _LARGEFILE_SOURCE 1
| #define _FILE_OFFSET_BITS 64
| #define HAVE_FTRUNCATE 1
| #define HAVE_LONGLONG 1
| #define HAVE_SHMEM_SERVICES 1
| /* end confdefs.h.  */
| #include <sys/flock.h>
| 
| int
| main ()
| {
| 
|    flock_t filler;
| 
|   ;
|   return 0;
| }
configure:4046: result: "no"
configure:4057: checking "do we have union semun defined"
configure:4075: cc -c -g -O2 -Dg77Fortran -fPIC  conftest.c >&5
conftest.c: In function 'main':
conftest.c:36:13: error: storage size of 'filler' isn't known
 union semun filler;
             ^~~~~~
configure:4075: $? = 1
configure: failed program was:
| /* confdefs.h */
| #define PACKAGE_NAME ""
| #define PACKAGE_TARNAME ""
| #define PACKAGE_VERSION ""
| #define PACKAGE_STRING ""
| #define PACKAGE_BUGREPORT ""
| #define PACKAGE_URL ""
| #define STDC_HEADERS 1
| #define HAVE_SYS_TYPES_H 1
| #define HAVE_SYS_STAT_H 1
| #define HAVE_STDLIB_H 1
| #define HAVE_STRING_H 1
| #define HAVE_MEMORY_H 1
| #define HAVE_STRINGS_H 1
| #define HAVE_INTTYPES_H 1
| #define HAVE_STDINT_H 1
| #define HAVE_UNISTD_H 1
| #define HAVE_STDLIB_H 1
| #define HAVE_STRING_H 1
| #define HAVE_MATH_H 1
| #define HAVE_LIMITS_H 1
| #define _LARGEFILE_SOURCE 1
| #define _FILE_OFFSET_BITS 64
| #define HAVE_FTRUNCATE 1
| #define HAVE_LONGLONG 1
| #define HAVE_SHMEM_SERVICES 1
| /* end confdefs.h.  */
| #include <sys/ipc.h>
| #include <sys/shm.h>
| #include <sys/sem.h>
| 
| int
| main ()
| {
| 
| union semun filler;
| 
|   ;
|   return 0;
| }
configure:4083: result: "no"
configure:4091: checking for library containing gethostbyname
configure:4122: cc -o conftest -g -O2 -Dg77Fortran -fPIC   conftest.c  >&5
configure:4122: $? = 0
configure:4139: result: none required
configure:4149: checking for library containing connect
configure:4180: cc -o conftest -g -O2 -Dg77Fortran -fPIC   conftest.c  >&5
configure:4180: $? = 0
configure:4197: result: none required
configure:4405: creating ./config.status

## ---------------------- ##
## Running config.status. ##
## ---------------------- ##

This file was extended by config.status, which was
generated by GNU Autoconf 2.65.  Invocation command line was

  CONFIG_FILES    = 
  CONFIG_HEADERS  = 
  CONFIG_LINKS    = 
  CONFIG_COMMANDS = 
  $ ./config.status 

on user-HP-Laptop-15g-br0xx

config.status:738: creating Makefile
configure:5544: creating ./config.status

## ---------------------- ##
## Running config.status. ##
## ---------------------- ##

This file was extended by config.status, which was
generated by GNU Autoconf 2.65.  Invocation command line was

  CONFIG_FILES    = 
  CONFIG_HEADERS  = 
  CONFIG_LINKS    = 
  CONFIG_COMMANDS = 
  $ ./config.status 

on user-HP-Laptop-15g-br0xx

config.status:739: creating Makefile
config.status:739: creating cfitsio.pc
configure:6546: result: 
configure:6548: result:     Congratulations, Makefile update was successful.
configure:6550: result:     You may want to run "make" now.
configure:6552: result: 

## ---------------- ##
## Cache variables. ##
## ---------------- ##

ac_cv_c_compiler_gnu=yes
ac_cv_env_CC_set=
ac_cv_env_CC_value=
ac_cv_env_CFLAGS_set=
ac_cv_env_CFLAGS_value=
ac_cv_env_CPPFLAGS_set=
ac_cv_env_CPPFLAGS_value=
ac_cv_env_CPP_set=
ac_cv_env_CPP_value=
ac_cv_env_LDFLAGS_set=
ac_cv_env_LDFLAGS_value=
ac_cv_env_LIBS_set=
ac_cv_env_LIBS_value=
ac_cv_env_build_alias_set=
ac_cv_env_build_alias_value=
ac_cv_env_host_alias_set=
ac_cv_env_host_alias_value=
ac_cv_env_target_alias_set=
ac_cv_env_target_alias_value=
ac_cv_header_inttypes_h=yes
ac_cv_header_limits_h=yes
ac_cv_header_math_h=yes
ac_cv_header_memory_h=yes
ac_cv_header_stdc=yes
ac_cv_header_stdint_h=yes
ac_cv_header_stdlib_h=yes
ac_cv_header_string_h=yes
ac_cv_header_strings_h=yes
ac_cv_header_sys_stat_h=yes
ac_cv_header_sys_types_h=yes
ac_cv_header_unistd_h=yes
ac_cv_objext=o
ac_cv_path_EGREP='/bin/grep -E'
ac_cv_path_GREP=/bin/grep
ac_cv_prog_CC=cc
ac_cv_prog_CPP='cc -E'
ac_cv_prog_FC=gfortran
ac_cv_prog_ac_ct_RANLIB=ranlib
ac_cv_prog_cc_c89=
ac_cv_prog_cc_g=yes
ac_cv_prog_uname_found=1
ac_cv_search_connect='none required'
ac_cv_search_gethostbyname='none required'

## ----------------- ##
## Output variables. ##
## ----------------- ##

ARCH='linux'
CC='cc'
CFLAGS='-g -O2 -Dg77Fortran -fPIC'
CPP='cc -E'
CPPFLAGS=''
DEFS='-DPACKAGE_NAME=\"\" -DPACKAGE_TARNAME=\"\" -DPACKAGE_VERSION=\"\" -DPACKAGE_STRING=\"\" -DPACKAGE_BUGREPORT=\"\" -DPACKAGE_URL=\"\" -DSTDC_HEADERS=1 -DHAVE_SYS_TYPES_H=1 -DHAVE_SYS_STAT_H=1 -DHAVE_STDLIB_H=1 -DHAVE_STRING_H=1 -DHAVE_MEMORY_H=1 -DHAVE_STRINGS_H=1 -DHAVE_INTTYPES_H=1 -DHAVE_STDINT_H=1 -DHAVE_UNISTD_H=1 -DHAVE_STDLIB_H=1 -DHAVE_STRING_H=1 -DHAVE_MATH_H=1 -DHAVE_LIMITS_H=1 -D_LARGEFILE_SOURCE=1 -D_FILE_OFFSET_BITS=64 -DHAVE_FTRUNCATE=1 -DHAVE_LONGLONG=1 -DHAVE_SHMEM_SERVICES=1 -DHAVE_NET_SERVICES=1'
ECHO_C=''
ECHO_N='-n'
ECHO_T=''
EGREP='/bin/grep -E'
EXEEXT=''
F77_WRAPPERS='${FITSIO_SRC}'
FC='gfortran'
GCCVERSION='7'
GREP='/bin/grep'
INSTALL_ROOT='${prefix}'
LDFLAGS=''
LIBOBJS=''
LIBPRE=''
LIBS=''
LTLIBOBJS=''
OBJEXT='o'
PACKAGE_BUGREPORT=''
PACKAGE_NAME=''
PACKAGE_STRING=''
PACKAGE_TARNAME=''
PACKAGE_URL=''
PACKAGE_VERSION=''
PATH_SEPARATOR=':'
RANLIB='ranlib'
SHELL='/bin/bash'
SHLIB_LD='cc -shared'
SHLIB_SUFFIX='.so'
ac_ct_CC=''
bindir='${exec_prefix}/bin'
build_alias=''
datadir='${datarootdir}'
datarootdir='${prefix}/share'
docdir='${datarootdir}/doc/${PACKAGE}'
dvidir='${docdir}'
exec_prefix='${prefix}'
host_alias=''
htmldir='${docdir}'
includedir='${prefix}/include'
infodir='${datarootdir}/info'
libdir='${exec_prefix}/lib'
libexecdir='${exec_prefix}/libexec'
localedir='${datarootdir}/locale'
localstatedir='${prefix}/var'
mandir='${datarootdir}/man'
my_shmem='${SOURCES_SHMEM}'
oldincludedir='/usr/include'
pdfdir='${docdir}'
prefix='/home/user/software/ASTROSAT/czti_noise_reduction/codes/C/czti_pipeline/CZTI/LIBS/cfitsio/../..'
program_transform_name='s,x,x,'
psdir='${docdir}'
sbindir='${exec_prefix}/sbin'
sharedstatedir='${prefix}/com'
sysconfdir='${prefix}/etc'
target_alias=''
uname_found='1'

## ----------- ##
## confdefs.h. ##
## ----------- ##

/* confdefs.h */
#define PACKAGE_NAME ""
#define PACKAGE_TARNAME ""
#define PACKAGE_VERSION ""
#define PACKAGE_STRING ""
#define PACKAGE_BUGREPORT ""
#define PACKAGE_URL ""
#define STDC_HEADERS 1
#define HAVE_SYS_TYPES_H 1
#define HAVE_SYS_STAT_H 1
#define HAVE_STDLIB_H 1
#define HAVE_STRING_H 1
#define HAVE_MEMORY_H 1
#define HAVE_STRINGS_H 1
#define HAVE_INTTYPES_H 1
#define HAVE_STDINT_H 1
#define HAVE_UNISTD_H 1
#define HAVE_STDLIB_H 1
#define HAVE_STRING_H 1
#define HAVE_MATH_H 1
#define HAVE_LIMITS_H 1
#define _LARGEFILE_SOURCE 1
#define _FILE_OFFSET_BITS 64
#define HAVE_FTRUNCATE 1
#define HAVE_LONGLONG 1
#define HAVE_SHMEM_SERVICES 1
#define HAVE_NET_SERVICES 1

configure: exit 0
