\BOOKMARK [1][-]{section.1}{Introduction}{}
\BOOKMARK [1][-]{section.2}{Overview of CZTI Data and Pipeline}{}
\BOOKMARK [1][-]{section.3}{Level-1 Data Content}{}
\BOOKMARK [1][-]{section.4}{Level-2 Pipeline Work flow}{}
\BOOKMARK [1][-]{section.5}{Download and Installation}{}
\BOOKMARK [1][-]{section.6}{Description of cztpipeline}{}
\BOOKMARK [1][-]{section.7}{Description of Software Modules}{}
\BOOKMARK [2][-]{subsection.7.1}{cztscience2event}{section.7}
\BOOKMARK [2][-]{subsection.7.2}{cztbunchclean}{section.7}
\BOOKMARK [2][-]{subsection.7.3}{cztpha2energy}{section.7}
\BOOKMARK [2][-]{subsection.7.4}{cztgtigen}{section.7}
\BOOKMARK [2][-]{subsection.7.5}{cztgaas}{section.7}
\BOOKMARK [2][-]{subsection.7.6}{cztdatasel}{section.7}
\BOOKMARK [2][-]{subsection.7.7}{cztpixclean}{section.7}
\BOOKMARK [2][-]{subsection.7.8}{cztflagbadpix}{section.7}
\BOOKMARK [2][-]{subsection.7.9}{cztevtclean}{section.7}
\BOOKMARK [2][-]{subsection.7.10}{cztdpigen}{section.7}
\BOOKMARK [2][-]{subsection.7.11}{cztimage}{section.7}
\BOOKMARK [2][-]{subsection.7.12}{cztbindata}{section.7}
\BOOKMARK [2][-]{subsection.7.13}{cztrspgen}{section.7}
