This file contains any messages produced by compilers while
running configure, to aid debugging if configure makes a mistake.

It was created by glog configure 0.3.2, which was
generated by GNU Autoconf 2.63.  Invocation command line was

  $ ./configure --prefix=/home/cztipoc/czti/trunk/users/mayuri/pipeline2.1/czti_pipeline/CZTI/LIBS/glog_modified-0.3.2/../..

## --------- ##
## Platform. ##
## --------- ##

hostname = rohini.ac.iucaa.ernet.in
uname -m = x86_64
uname -r = 2.6.32-642.3.1.el6.x86_64
uname -s = Linux
uname -v = #1 SMP Tue Jul 12 18:30:56 UTC 2016

/usr/bin/uname -p = unknown
/bin/uname -X     = unknown

/bin/arch              = x86_64
/usr/bin/arch -k       = unknown
/usr/convex/getsysinfo = unknown
/usr/bin/hostinfo      = unknown
/bin/machine           = unknown
/usr/bin/oslevel       = unknown
/bin/universe          = unknown

PATH: /home/cztipoc/czti/trunk/users/mayuri/pipeline2.1/czti_pipeline/CZTI/czti/bin
PATH: /home/cztipoc/czti/trunk/users/mayuri/pipeline2.1/czti_pipeline/CZTI/czti/scripts
PATH: /home/cztipoc/czti/trunk/users/shrikant/python_scripts
PATH: /home/cztipoc/czti/trunk/users/shrikant/bash_scripts
PATH: /home/cztipoc/czti/trunk/users/ajay/python_scripts
PATH: /home/cztipoc/czti/trunk/users/ajay/workspace/DataQualityCheck/src/
PATH: /home/cztipoc/czti/trunk/users/ajay/scripts/czti_monitor/scripts/GRB/
PATH: /home/cztipoc/czti/trunk/users/mayuri/bash_script/
PATH: /home/cztipoc/czti/trunk/users/aditi
PATH: /home/cztipoc/czti/trunk/users/mayuri/noise_codes/bin/
PATH: /home/cztipoc/czti/trunk/users/mayuri/noise_codes/scripts/
PATH: /home/cztipoc/czti/trunk/users/ajay/release_1.1/czti_pipeline/czti/src_new/cztpha2energy
PATH: /home/cztipoc/czti/trunk/users/mayuri/c_code/saa_region/
PATH: /home/cztipoc/czti/trunk/users/ajay/workspace/GetLaxpcTime/src
PATH: /home/cztipoc/czti/trunk/users/ajay/workspace//dphgen/src
PATH: /home/cztipoc/czti/trunk/users/ajay/workspace/getAvgTxTy/src
PATH: /home/cztipoc/czti/trunk/users/ajay/pipeline/CZTI/czti/bin
PATH: /home/cztipoc/czti/trunk/users/ajay/pipeline/CZTI/czti/scripts
PATH: /usr/bin
PATH: /usr/local/bin/
PATH: /home/cztipoc/czti/trunk/users/shrikant/python_scripts
PATH: /home/cztipoc/czti/trunk/users/shrikant/bash_scripts
PATH: /home/cztipoc/czti/trunk/users/ajay/python_scripts
PATH: /home/cztipoc/czti/trunk/users/ajay/workspace/DataQualityCheck/src/
PATH: /home/cztipoc/czti/trunk/users/ajay/scripts/czti_monitor/scripts/GRB/
PATH: /home/cztipoc/czti/trunk/users/mayuri/bash_script/
PATH: /home/cztipoc/czti/trunk/users/aditi
PATH: /home/cztipoc/czti/trunk/users/ajay/release_1.1/czti_pipeline/czti/src_new/cztpha2energy
PATH: /home/cztipoc/czti/trunk/users/mayuri/noise_codes/
PATH: /home/cztipoc/czti/trunk/users/mayuri/c_code/saa_region/
PATH: /home/cztipoc/czti/trunk/users/ajay/workspace/GetLaxpcTime/src
PATH: /home/cztipoc/czti/trunk/users/ajay/workspace//dphgen/src
PATH: /home/cztipoc/czti/trunk/users/ajay/workspace/getAvgTxTy/src
PATH: /home/cztipoc/czti/trunk/users/ajay/pipeline/CZTI/czti/bin
PATH: /home/cztipoc/czti/trunk/users/ajay/pipeline/CZTI/czti/scripts
PATH: /usr/bin
PATH: /usr/local/bin/
PATH: /opt/heasoft/x86_64-unknown-linux-gnu-libc2.12/bin
PATH: /usr/lib64/qt-3.3/bin
PATH: /usr/local/bin
PATH: /usr/bin
PATH: /bin
PATH: /usr/local/sbin
PATH: /usr/sbin
PATH: /sbin
PATH: /home/cztipoc/czti/trunk/code
PATH: /home/cztipoc/czti/trunk/code/autoproc
PATH: /home/cztipoc/czti/trunk/code/transients
PATH: /home/cztipoc/czti/trunk/code/pyflight
PATH: /home/cztipoc/czti/trunk/code/pyflight/html
PATH: /home/cztipoc/czti/trunk/code/geant
PATH: /home/cztipoc/czti/trunk/code/geant/CZTI_grbpol
PATH: /home/cztipoc/czti/trunk/code/geant/CZTI_grbpol/include
PATH: /home/cztipoc/czti/trunk/code/geant/CZTI_grbpol/STL_Files
PATH: /home/cztipoc/czti/trunk/code/geant/CZTI_grbpol/src
PATH: /home/cztipoc/czti/trunk/code/mass_model
PATH: /home/cztipoc/czti/trunk/code/mass_model/CZTIMassModel
PATH: /home/cztipoc/czti/trunk/code/mass_model/CZTIMassModel/include
PATH: /home/cztipoc/czti/trunk/code/mass_model/CZTIMassModel/STL_Files
PATH: /home/cztipoc/czti/trunk/code/mass_model/CZTIMassModel/src
PATH: /home/cztipoc/czti/trunk/code/mass_model/MPI
PATH: /home/cztipoc/czti/trunk/code/analysis
PATH: /home/cztipoc/czti/trunk/code/mutau
PATH: /home/cztipoc/czti/trunk/code/scripts
PATH: /home/cztipoc/czti/trunk/code/lab
PATH: /home/cztipoc/czti/trunk/code/level1
PATH: /home/cztipoc/czti/trunk/code/level1/par
PATH: /home/cztipoc/czti/trunk/code/level1/cfitsio
PATH: /home/cztipoc/czti/trunk/code/level1/src
PATH: /home/cztipoc/czti/trunk/code/level1/build
PATH: /home/cztipoc/czti/trunk/code/level1/bin
PATH: /home/cztipoc/CZTExtract//CZTExtract/bin/
PATH: /home/cztipoc/Public/cztql/bin/
PATH: /home/cztipoc/czti/trunk/users/ajay/python_scripts/
PATH: /home/cztipoc/czti/trunk/users/ajay/scripts
PATH: /home/cztipoc/czti/trunk/users/ajay/workspace/DataQualityCheck/src/
PATH: /home/cztipoc/bin
PATH: /home/cztipoc/czti/trunk/users/vedants/python_codes
PATH: /home/cztipoc/czti/trunk/users/vedants/bash_codes/grb_pipeline
PATH: /home/cztipoc/czti/trunk/users/vedants/grb_pipeline
PATH: /home/cztipoc/czti/trunk/code/transients
PATH: /home/cztipoc/bin
PATH: /home/cztipoc/czti/trunk/code/pyflight
PATH: /home/cztipoc/ISIS/bin
PATH: /home/cztipoc/shrikant/astrosat_czti_archive/database_scripts/python_scripts/database_insertion/after_processing
PATH: /home/cztipoc/shrikant/astrosat_czti_archive/database_scripts/python_scripts/database_insertion/during_processing
PATH: /home/cztipoc/shrikant/astrosat_czti_archive/database_scripts/bash_scripts
PATH: /home/cztipoc/Downloads/Sublime_Text_2
PATH: /home/cztipoc/shrikant/astrosat_czti_archive/email_download
PATH: /home/cztipoc/bin
PATH: /home/cztipoc/czti/trunk/code
PATH: /home/cztipoc/czti/trunk/code/autoproc
PATH: /home/cztipoc/czti/trunk/code/transients
PATH: /home/cztipoc/czti/trunk/code/pyflight
PATH: /home/cztipoc/czti/trunk/code/pyflight/html
PATH: /home/cztipoc/czti/trunk/code/geant
PATH: /home/cztipoc/czti/trunk/code/geant/CZTI_grbpol
PATH: /home/cztipoc/czti/trunk/code/geant/CZTI_grbpol/include
PATH: /home/cztipoc/czti/trunk/code/geant/CZTI_grbpol/STL_Files
PATH: /home/cztipoc/czti/trunk/code/geant/CZTI_grbpol/src
PATH: /home/cztipoc/czti/trunk/code/mass_model
PATH: /home/cztipoc/czti/trunk/code/mass_model/CZTIMassModel
PATH: /home/cztipoc/czti/trunk/code/mass_model/CZTIMassModel/include
PATH: /home/cztipoc/czti/trunk/code/mass_model/CZTIMassModel/STL_Files
PATH: /home/cztipoc/czti/trunk/code/mass_model/CZTIMassModel/src
PATH: /home/cztipoc/czti/trunk/code/mass_model/MPI
PATH: /home/cztipoc/czti/trunk/code/analysis
PATH: /home/cztipoc/czti/trunk/code/mutau
PATH: /home/cztipoc/czti/trunk/code/scripts
PATH: /home/cztipoc/czti/trunk/code/lab
PATH: /home/cztipoc/czti/trunk/code/level1
PATH: /home/cztipoc/czti/trunk/code/level1/par
PATH: /home/cztipoc/czti/trunk/code/level1/cfitsio
PATH: /home/cztipoc/czti/trunk/code/level1/src
PATH: /home/cztipoc/czti/trunk/code/level1/build
PATH: /home/cztipoc/czti/trunk/code/level1/bin
PATH: /home/cztipoc/CZTExtract//CZTExtract/bin/
PATH: /home/cztipoc/Public/cztql/bin/
PATH: /home/cztipoc/czti/trunk/users/ajay/python_scripts/
PATH: /home/cztipoc/czti/trunk/users/ajay/scripts
PATH: /home/cztipoc/czti/trunk/users/ajay/workspace/DataQualityCheck/src/
PATH: /home/cztipoc/bin
PATH: /home/cztipoc/czti/trunk/users/vedants/python_codes
PATH: /home/cztipoc/czti/trunk/users/vedants/bash_codes/grb_pipeline
PATH: /home/cztipoc/czti/trunk/users/vedants/grb_pipeline
PATH: /home/cztipoc/czti/trunk/code/transients
PATH: /home/cztipoc/bin
PATH: /home/cztipoc/czti/trunk/code/pyflight
PATH: /home/cztipoc/ISIS/bin
PATH: /home/cztipoc/shrikant/astrosat_czti_archive/database_scripts/python_scripts/database_insertion/after_processing
PATH: /home/cztipoc/shrikant/astrosat_czti_archive/database_scripts/python_scripts/database_insertion/during_processing
PATH: /home/cztipoc/shrikant/astrosat_czti_archive/database_scripts/bash_scripts
PATH: /home/cztipoc/Downloads/Sublime_Text_2
PATH: /home/cztipoc/shrikant/astrosat_czti_archive/email_download


## ----------- ##
## Core tests. ##
## ----------- ##

configure:2132: checking for a BSD-compatible install
configure:2200: result: /usr/bin/install -c
configure:2211: checking whether build environment is sane
configure:2271: result: yes
configure:2412: checking for a thread-safe mkdir -p
configure:2451: result: /bin/mkdir -p
configure:2464: checking for gawk
configure:2480: found /usr/bin/gawk
configure:2491: result: gawk
configure:2502: checking whether make sets $(MAKE)
configure:2524: result: yes
configure:2665: checking for gcc
configure:2681: found /usr/bin/gcc
configure:2692: result: gcc
configure:2924: checking for C compiler version
configure:2932: gcc --version >&5
gcc (GCC) 4.4.7 20120313 (Red Hat 4.4.7-17)
Copyright (C) 2010 Free Software Foundation, Inc.
This is free software; see the source for copying conditions.  There is NO
warranty; not even for MERCHANTABILITY or FITNESS FOR A PARTICULAR PURPOSE.

configure:2936: $? = 0
configure:2943: gcc -v >&5
Using built-in specs.
Target: x86_64-redhat-linux
Configured with: ../configure --prefix=/usr --mandir=/usr/share/man --infodir=/usr/share/info --with-bugurl=http://bugzilla.redhat.com/bugzilla --enable-bootstrap --enable-shared --enable-threads=posix --enable-checking=release --with-system-zlib --enable-__cxa_atexit --disable-libunwind-exceptions --enable-gnu-unique-object --enable-languages=c,c++,objc,obj-c++,java,fortran,ada --enable-java-awt=gtk --disable-dssi --with-java-home=/usr/lib/jvm/java-1.5.0-gcj-1.5.0.0/jre --enable-libgcj-multifile --enable-java-maintainer-mode --with-ecj-jar=/usr/share/java/eclipse-ecj.jar --disable-libjava-multilib --with-ppl --with-cloog --with-tune=generic --with-arch_32=i686 --build=x86_64-redhat-linux
Thread model: posix
gcc version 4.4.7 20120313 (Red Hat 4.4.7-17) (GCC) 
configure:2947: $? = 0
configure:2954: gcc -V >&5
gcc: '-V' option must have argument
configure:2958: $? = 1
configure:2981: checking for C compiler default output file name
configure:3003: gcc    conftest.c  >&5
configure:3007: $? = 0
configure:3045: result: a.out
configure:3064: checking whether the C compiler works
configure:3074: ./a.out
configure:3078: $? = 0
configure:3097: result: yes
configure:3104: checking whether we are cross compiling
configure:3106: result: no
configure:3109: checking for suffix of executables
configure:3116: gcc -o conftest    conftest.c  >&5
configure:3120: $? = 0
configure:3146: result: 
configure:3152: checking for suffix of object files
configure:3178: gcc -c   conftest.c >&5
configure:3182: $? = 0
configure:3207: result: o
configure:3211: checking whether we are using the GNU C compiler
configure:3240: gcc -c   conftest.c >&5
configure:3247: $? = 0
configure:3264: result: yes
configure:3273: checking whether gcc accepts -g
configure:3303: gcc -c -g  conftest.c >&5
configure:3310: $? = 0
configure:3411: result: yes
configure:3428: checking for gcc option to accept ISO C89
configure:3502: gcc  -c -g -O2  conftest.c >&5
configure:3509: $? = 0
configure:3532: result: none needed
configure:3561: checking for style of include used by make
configure:3589: result: GNU
configure:3614: checking dependency style of gcc
configure:3724: result: gcc3
configure:3744: checking how to run the C preprocessor
configure:3784: gcc -E  conftest.c
configure:3791: $? = 0
configure:3822: gcc -E  conftest.c
conftest.c:10:28: error: ac_nonexistent.h: No such file or directory
configure:3829: $? = 1
configure: failed program was:
| /* confdefs.h.  */
| #define PACKAGE_NAME "glog"
| #define PACKAGE_TARNAME "glog"
| #define PACKAGE_VERSION "0.3.2"
| #define PACKAGE_STRING "glog 0.3.2"
| #define PACKAGE_BUGREPORT "opensource@google.com"
| #define PACKAGE "glog"
| #define VERSION "0.3.2"
| /* end confdefs.h.  */
| #include <ac_nonexistent.h>
configure:3862: result: gcc -E
configure:3891: gcc -E  conftest.c
configure:3898: $? = 0
configure:3929: gcc -E  conftest.c
conftest.c:10:28: error: ac_nonexistent.h: No such file or directory
configure:3936: $? = 1
configure: failed program was:
| /* confdefs.h.  */
| #define PACKAGE_NAME "glog"
| #define PACKAGE_TARNAME "glog"
| #define PACKAGE_VERSION "0.3.2"
| #define PACKAGE_STRING "glog 0.3.2"
| #define PACKAGE_BUGREPORT "opensource@google.com"
| #define PACKAGE "glog"
| #define VERSION "0.3.2"
| /* end confdefs.h.  */
| #include <ac_nonexistent.h>
configure:4033: checking for g++
configure:4049: found /usr/bin/g++
configure:4060: result: g++
configure:4087: checking for C++ compiler version
configure:4095: g++ --version >&5
g++ (GCC) 4.4.7 20120313 (Red Hat 4.4.7-17)
Copyright (C) 2010 Free Software Foundation, Inc.
This is free software; see the source for copying conditions.  There is NO
warranty; not even for MERCHANTABILITY or FITNESS FOR A PARTICULAR PURPOSE.

configure:4099: $? = 0
configure:4106: g++ -v >&5
Using built-in specs.
Target: x86_64-redhat-linux
Configured with: ../configure --prefix=/usr --mandir=/usr/share/man --infodir=/usr/share/info --with-bugurl=http://bugzilla.redhat.com/bugzilla --enable-bootstrap --enable-shared --enable-threads=posix --enable-checking=release --with-system-zlib --enable-__cxa_atexit --disable-libunwind-exceptions --enable-gnu-unique-object --enable-languages=c,c++,objc,obj-c++,java,fortran,ada --enable-java-awt=gtk --disable-dssi --with-java-home=/usr/lib/jvm/java-1.5.0-gcj-1.5.0.0/jre --enable-libgcj-multifile --enable-java-maintainer-mode --with-ecj-jar=/usr/share/java/eclipse-ecj.jar --disable-libjava-multilib --with-ppl --with-cloog --with-tune=generic --with-arch_32=i686 --build=x86_64-redhat-linux
Thread model: posix
gcc version 4.4.7 20120313 (Red Hat 4.4.7-17) (GCC) 
configure:4110: $? = 0
configure:4117: g++ -V >&5
g++: '-V' option must have argument
configure:4121: $? = 1
configure:4124: checking whether we are using the GNU C++ compiler
configure:4153: g++ -c   conftest.cpp >&5
configure:4160: $? = 0
configure:4177: result: yes
configure:4186: checking whether g++ accepts -g
configure:4216: g++ -c -g  conftest.cpp >&5
configure:4223: $? = 0
configure:4324: result: yes
configure:4349: checking dependency style of g++
configure:4459: result: gcc3
configure:4514: checking build system type
configure:4532: result: x86_64-unknown-linux-gnu
configure:4554: checking host system type
configure:4569: result: x86_64-unknown-linux-gnu
configure:4591: checking for a sed that does not truncate output
configure:4657: result: /bin/sed
configure:4675: checking for grep that handles long lines and -e
configure:4735: result: /bin/grep
configure:4740: checking for egrep
configure:4804: result: /bin/grep -E
configure:4809: checking for fgrep
configure:4873: result: /bin/grep -F
configure:4908: checking for ld used by gcc
configure:4975: result: /usr/bin/ld
configure:4984: checking if the linker (/usr/bin/ld) is GNU ld
configure:4999: result: yes
configure:5011: checking for BSD- or MS-compatible name lister (nm)
configure:5060: result: /usr/bin/nm -B
configure:5178: checking the name lister (/usr/bin/nm -B) interface
configure:5185: g++ -c -g -O2  conftest.cpp >&5
configure:5188: /usr/bin/nm -B "conftest.o"
configure:5191: output
0000000000000000 B some_variable
configure:5198: result: BSD nm
configure:5201: checking whether ln -s works
configure:5205: result: yes
configure:5213: checking the maximum length of command line arguments
configure:5333: result: 1966080
configure:5350: checking whether the shell understands some XSI constructs
configure:5360: result: yes
configure:5364: checking whether the shell understands "+="
configure:5370: result: yes
configure:5405: checking for /usr/bin/ld option to reload object files
configure:5412: result: -r
configure:5481: checking for objdump
configure:5497: found /usr/bin/objdump
configure:5508: result: objdump
configure:5540: checking how to recognize dependent libraries
configure:5736: result: pass_all
configure:5796: checking for ar
configure:5812: found /usr/bin/ar
configure:5823: result: ar
configure:5901: checking for strip
configure:5917: found /usr/bin/strip
configure:5928: result: strip
configure:6000: checking for ranlib
configure:6016: found /usr/bin/ranlib
configure:6027: result: ranlib
configure:6117: checking command to parse /usr/bin/nm -B output from gcc object
configure:6235: g++ -c -g -O2  conftest.cpp >&5
configure:6238: $? = 0
configure:6242: /usr/bin/nm -B conftest.o \| sed -n -e 's/^.*[	 ]\([ABCDGIRSTW][ABCDGIRSTW]*\)[	 ][	 ]*\([_A-Za-z][_A-Za-z0-9]*\)$/\1 \2 \2/p' \> conftest.nm
configure:6245: $? = 0
configure:6299: g++ -o conftest -g -O2   conftest.cpp conftstm.o >&5
configure:6302: $? = 0
configure:6340: result: ok
configure:6436: g++ -c -g -O2  conftest.cpp >&5
configure:6439: $? = 0
configure:7203: checking for ANSI C header files
configure:7233: g++ -c -g -O2  conftest.cpp >&5
configure:7240: $? = 0
./configure: line 7266: conftest.cpp: command not found
configure:7371: result: no
configure:7395: checking for sys/types.h
configure:7416: g++ -c -g -O2  conftest.cpp >&5
configure:7423: $? = 0
configure:7440: result: yes
configure:7395: checking for sys/stat.h
configure:7416: g++ -c -g -O2  conftest.cpp >&5
configure:7423: $? = 0
configure:7440: result: yes
configure:7395: checking for stdlib.h
configure:7416: g++ -c -g -O2  conftest.cpp >&5
configure:7423: $? = 0
configure:7440: result: yes
configure:7395: checking for string.h
configure:7416: g++ -c -g -O2  conftest.cpp >&5
configure:7423: $? = 0
configure:7440: result: yes
configure:7395: checking for memory.h
configure:7416: g++ -c -g -O2  conftest.cpp >&5
configure:7423: $? = 0
configure:7440: result: yes
configure:7395: checking for strings.h
configure:7416: g++ -c -g -O2  conftest.cpp >&5
configure:7423: $? = 0
configure:7440: result: yes
configure:7395: checking for inttypes.h
configure:7416: g++ -c -g -O2  conftest.cpp >&5
configure:7423: $? = 0
configure:7440: result: yes
configure:7395: checking for stdint.h
configure:7416: g++ -c -g -O2  conftest.cpp >&5
configure:7423: $? = 0
configure:7440: result: yes
configure:7395: checking for unistd.h
configure:7416: g++ -c -g -O2  conftest.cpp >&5
configure:7423: $? = 0
configure:7440: result: yes
configure:7458: checking for dlfcn.h
configure:7479: g++ -c -g -O2  conftest.cpp >&5
configure:7486: $? = 0
configure:7503: result: yes
configure:7630: checking for C++ compiler version
configure:7638: g++ --version >&5
g++ (GCC) 4.4.7 20120313 (Red Hat 4.4.7-17)
Copyright (C) 2010 Free Software Foundation, Inc.
This is free software; see the source for copying conditions.  There is NO
warranty; not even for MERCHANTABILITY or FITNESS FOR A PARTICULAR PURPOSE.

configure:7642: $? = 0
configure:7649: g++ -v >&5
Using built-in specs.
Target: x86_64-redhat-linux
Configured with: ../configure --prefix=/usr --mandir=/usr/share/man --infodir=/usr/share/info --with-bugurl=http://bugzilla.redhat.com/bugzilla --enable-bootstrap --enable-shared --enable-threads=posix --enable-checking=release --with-system-zlib --enable-__cxa_atexit --disable-libunwind-exceptions --enable-gnu-unique-object --enable-languages=c,c++,objc,obj-c++,java,fortran,ada --enable-java-awt=gtk --disable-dssi --with-java-home=/usr/lib/jvm/java-1.5.0-gcj-1.5.0.0/jre --enable-libgcj-multifile --enable-java-maintainer-mode --with-ecj-jar=/usr/share/java/eclipse-ecj.jar --disable-libjava-multilib --with-ppl --with-cloog --with-tune=generic --with-arch_32=i686 --build=x86_64-redhat-linux
Thread model: posix
gcc version 4.4.7 20120313 (Red Hat 4.4.7-17) (GCC) 
configure:7653: $? = 0
configure:7660: g++ -V >&5
g++: '-V' option must have argument
configure:7664: $? = 1
configure:7667: checking whether we are using the GNU C++ compiler
configure:7720: result: yes
configure:7729: checking whether g++ accepts -g
configure:7867: result: yes
configure:7892: checking dependency style of g++
configure:8002: result: gcc3
configure:8025: checking how to run the C++ preprocessor
configure:8061: g++ -E  conftest.cpp
configure:8068: $? = 0
configure:8099: g++ -E  conftest.cpp
conftest.cpp:20:28: error: ac_nonexistent.h: No such file or directory
configure:8106: $? = 1
configure: failed program was:
| /* confdefs.h.  */
| #define PACKAGE_NAME "glog"
| #define PACKAGE_TARNAME "glog"
| #define PACKAGE_VERSION "0.3.2"
| #define PACKAGE_STRING "glog 0.3.2"
| #define PACKAGE_BUGREPORT "opensource@google.com"
| #define PACKAGE "glog"
| #define VERSION "0.3.2"
| #define HAVE_SYS_TYPES_H 1
| #define HAVE_SYS_STAT_H 1
| #define HAVE_STDLIB_H 1
| #define HAVE_STRING_H 1
| #define HAVE_MEMORY_H 1
| #define HAVE_STRINGS_H 1
| #define HAVE_INTTYPES_H 1
| #define HAVE_STDINT_H 1
| #define HAVE_UNISTD_H 1
| #define HAVE_DLFCN_H 1
| /* end confdefs.h.  */
| #include <ac_nonexistent.h>
configure:8139: result: g++ -E
configure:8168: g++ -E  conftest.cpp
configure:8175: $? = 0
configure:8206: g++ -E  conftest.cpp
conftest.cpp:20:28: error: ac_nonexistent.h: No such file or directory
configure:8213: $? = 1
configure: failed program was:
| /* confdefs.h.  */
| #define PACKAGE_NAME "glog"
| #define PACKAGE_TARNAME "glog"
| #define PACKAGE_VERSION "0.3.2"
| #define PACKAGE_STRING "glog 0.3.2"
| #define PACKAGE_BUGREPORT "opensource@google.com"
| #define PACKAGE "glog"
| #define VERSION "0.3.2"
| #define HAVE_SYS_TYPES_H 1
| #define HAVE_SYS_STAT_H 1
| #define HAVE_STDLIB_H 1
| #define HAVE_STRING_H 1
| #define HAVE_MEMORY_H 1
| #define HAVE_STRINGS_H 1
| #define HAVE_INTTYPES_H 1
| #define HAVE_STDINT_H 1
| #define HAVE_UNISTD_H 1
| #define HAVE_DLFCN_H 1
| /* end confdefs.h.  */
| #include <ac_nonexistent.h>
configure:8427: checking for objdir
configure:8442: result: .libs
configure:8738: checking if gcc supports -fno-rtti -fno-exceptions
configure:8756: gcc -c -g -O2  -fno-rtti -fno-exceptions conftest.c >&5
cc1: warning: command line option "-fno-rtti" is valid for C++/ObjC++ but not for C
configure:8760: $? = 0
configure:8773: result: no
configure:8793: checking for gcc option to produce PIC
configure:9065: result: -fPIC -DPIC
configure:9077: checking if gcc PIC flag -fPIC -DPIC works
configure:9095: gcc -c -g -O2  -fPIC -DPIC -DPIC conftest.c >&5
configure:9099: $? = 0
configure:9112: result: yes
configure:9136: checking if gcc static flag -static works
configure:9164: result: no
configure:9179: checking if gcc supports -c -o file.o
configure:9200: gcc -c -g -O2  -o out/conftest2.o conftest.c >&5
configure:9204: $? = 0
configure:9226: result: yes
configure:9234: checking if gcc supports -c -o file.o
configure:9281: result: yes
configure:9314: checking whether the gcc linker (/usr/bin/ld -m elf_x86_64) supports shared libraries
configure:10393: result: yes
configure:10430: checking whether -lc should be explicitly linked in
configure:10435: gcc -c -g -O2  conftest.c >&5
configure:10438: $? = 0
configure:10453: gcc -shared conftest.o  -v -Wl,-soname -Wl,conftest -o conftest 2\>\&1 \| /bin/grep  -lc  \>/dev/null 2\>\&1
configure:10456: $? = 0
configure:10468: result: no
configure:10632: checking dynamic linker characteristics
configure:11075: gcc -o conftest -g -O2   -Wl,-rpath -Wl,/foo conftest.c  >&5
configure:11082: $? = 0
configure:11327: result: GNU/Linux ld.so
configure:11429: checking how to hardcode library paths into programs
configure:11454: result: immediate
configure:12287: checking whether stripping libraries is possible
configure:12292: result: yes
configure:12327: checking if libtool supports shared libraries
configure:12329: result: yes
configure:12332: checking whether to build shared libraries
configure:12353: result: yes
configure:12356: checking whether to build static libraries
configure:12360: result: yes
configure:12510: checking for ld used by g++
configure:12577: result: /usr/bin/ld -m elf_x86_64
configure:12586: checking if the linker (/usr/bin/ld -m elf_x86_64) is GNU ld
configure:12601: result: yes
configure:12656: checking whether the g++ linker (/usr/bin/ld -m elf_x86_64) supports shared libraries
configure:13631: result: yes
configure:13659: g++ -c -g -O2  conftest.cpp >&5
configure:13662: $? = 0
configure:13844: checking for g++ option to produce PIC
configure:14161: result: -fPIC -DPIC
configure:14170: checking if g++ PIC flag -fPIC -DPIC works
configure:14188: g++ -c -g -O2  -fPIC -DPIC -DPIC conftest.cpp >&5
configure:14192: $? = 0
configure:14205: result: yes
configure:14226: checking if g++ static flag -static works
configure:14254: result: no
configure:14266: checking if g++ supports -c -o file.o
configure:14287: g++ -c -g -O2  -o out/conftest2.o conftest.cpp >&5
configure:14291: $? = 0
configure:14313: result: yes
configure:14318: checking if g++ supports -c -o file.o
configure:14365: result: yes
configure:14395: checking whether the g++ linker (/usr/bin/ld -m elf_x86_64) supports shared libraries
configure:14424: result: yes
configure:14561: checking dynamic linker characteristics
configure:14952: g++ -o conftest -g -O2   -Wl,-rpath -Wl,/foo conftest.cpp  >&5
configure:14959: $? = 0
configure:15204: result: GNU/Linux ld.so
configure:15255: checking how to hardcode library paths into programs
configure:15280: result: immediate
configure:15342: checking for ANSI C header files
configure:15510: result: no
configure:15523: checking for stdint.h
configure:15528: result: yes
configure:15662: checking for sys/types.h
configure:15667: result: yes
configure:15801: checking for inttypes.h
configure:15806: result: yes
configure:15944: checking for unistd.h
configure:15951: result: yes
configure:16108: checking syscall.h usability
configure:16125: g++ -c -g -O2  conftest.cpp >&5
configure:16132: $? = 0
configure:16146: result: yes
configure:16150: checking syscall.h presence
configure:16165: g++ -E  conftest.cpp
configure:16172: $? = 0
configure:16186: result: yes
configure:16219: checking for syscall.h
configure:16228: result: yes
configure:16259: checking sys/syscall.h usability
configure:16276: g++ -c -g -O2  conftest.cpp >&5
configure:16283: $? = 0
configure:16297: result: yes
configure:16301: checking sys/syscall.h presence
configure:16316: g++ -E  conftest.cpp
configure:16323: $? = 0
configure:16337: result: yes
configure:16370: checking for sys/syscall.h
configure:16379: result: yes
configure:16411: checking execinfo.h usability
configure:16428: g++ -c -g -O2  conftest.cpp >&5
configure:16435: $? = 0
configure:16449: result: yes
configure:16453: checking execinfo.h presence
configure:16468: g++ -E  conftest.cpp
configure:16475: $? = 0
configure:16489: result: yes
configure:16522: checking for execinfo.h
configure:16531: result: yes
configure:16563: checking libunwind.h usability
configure:16580: g++ -c -g -O2  conftest.cpp >&5
conftest.cpp:58:23: error: libunwind.h: No such file or directory
configure:16587: $? = 1
configure: failed program was:
| /* confdefs.h.  */
| #define PACKAGE_NAME "glog"
| #define PACKAGE_TARNAME "glog"
| #define PACKAGE_VERSION "0.3.2"
| #define PACKAGE_STRING "glog 0.3.2"
| #define PACKAGE_BUGREPORT "opensource@google.com"
| #define PACKAGE "glog"
| #define VERSION "0.3.2"
| #define HAVE_SYS_TYPES_H 1
| #define HAVE_SYS_STAT_H 1
| #define HAVE_STDLIB_H 1
| #define HAVE_STRING_H 1
| #define HAVE_MEMORY_H 1
| #define HAVE_STRINGS_H 1
| #define HAVE_INTTYPES_H 1
| #define HAVE_STDINT_H 1
| #define HAVE_UNISTD_H 1
| #define HAVE_DLFCN_H 1
| #define LT_OBJDIR ".libs/"
| #define HAVE_UNISTD_H 1
| #define HAVE_SYSCALL_H 1
| #define HAVE_SYS_SYSCALL_H 1
| #define HAVE_EXECINFO_H 1
| /* end confdefs.h.  */
| #include <stdio.h>
| #ifdef HAVE_SYS_TYPES_H
| # include <sys/types.h>
| #endif
| #ifdef HAVE_SYS_STAT_H
| # include <sys/stat.h>
| #endif
| #ifdef STDC_HEADERS
| # include <stdlib.h>
| # include <stddef.h>
| #else
| # ifdef HAVE_STDLIB_H
| #  include <stdlib.h>
| # endif
| #endif
| #ifdef HAVE_STRING_H
| # if !defined STDC_HEADERS && defined HAVE_MEMORY_H
| #  include <memory.h>
| # endif
| # include <string.h>
| #endif
| #ifdef HAVE_STRINGS_H
| # include <strings.h>
| #endif
| #ifdef HAVE_INTTYPES_H
| # include <inttypes.h>
| #endif
| #ifdef HAVE_STDINT_H
| # include <stdint.h>
| #endif
| #ifdef HAVE_UNISTD_H
| # include <unistd.h>
| #endif
| #include <libunwind.h>
configure:16601: result: no
configure:16605: checking libunwind.h presence
configure:16620: g++ -E  conftest.cpp
conftest.cpp:25:23: error: libunwind.h: No such file or directory
configure:16627: $? = 1
configure: failed program was:
| /* confdefs.h.  */
| #define PACKAGE_NAME "glog"
| #define PACKAGE_TARNAME "glog"
| #define PACKAGE_VERSION "0.3.2"
| #define PACKAGE_STRING "glog 0.3.2"
| #define PACKAGE_BUGREPORT "opensource@google.com"
| #define PACKAGE "glog"
| #define VERSION "0.3.2"
| #define HAVE_SYS_TYPES_H 1
| #define HAVE_SYS_STAT_H 1
| #define HAVE_STDLIB_H 1
| #define HAVE_STRING_H 1
| #define HAVE_MEMORY_H 1
| #define HAVE_STRINGS_H 1
| #define HAVE_INTTYPES_H 1
| #define HAVE_STDINT_H 1
| #define HAVE_UNISTD_H 1
| #define HAVE_DLFCN_H 1
| #define LT_OBJDIR ".libs/"
| #define HAVE_UNISTD_H 1
| #define HAVE_SYSCALL_H 1
| #define HAVE_SYS_SYSCALL_H 1
| #define HAVE_EXECINFO_H 1
| /* end confdefs.h.  */
| #include <libunwind.h>
configure:16641: result: no
configure:16674: checking for libunwind.h
configure:16683: result: no
configure:16716: checking ucontext.h usability
configure:16733: g++ -c -g -O2  conftest.cpp >&5
configure:16740: $? = 0
configure:16754: result: yes
configure:16758: checking ucontext.h presence
configure:16773: g++ -E  conftest.cpp
configure:16780: $? = 0
configure:16794: result: yes
configure:16827: checking for ucontext.h
configure:16836: result: yes
configure:16867: checking sys/utsname.h usability
configure:16884: g++ -c -g -O2  conftest.cpp >&5
configure:16891: $? = 0
configure:16905: result: yes
configure:16909: checking sys/utsname.h presence
configure:16924: g++ -E  conftest.cpp
configure:16931: $? = 0
configure:16945: result: yes
configure:16978: checking for sys/utsname.h
configure:16987: result: yes
configure:17018: checking pwd.h usability
configure:17035: g++ -c -g -O2  conftest.cpp >&5
configure:17042: $? = 0
configure:17056: result: yes
configure:17060: checking pwd.h presence
configure:17075: g++ -E  conftest.cpp
configure:17082: $? = 0
configure:17096: result: yes
configure:17129: checking for pwd.h
configure:17138: result: yes
configure:17169: checking syslog.h usability
configure:17186: g++ -c -g -O2  conftest.cpp >&5
configure:17193: $? = 0
configure:17207: result: yes
configure:17211: checking syslog.h presence
configure:17226: g++ -E  conftest.cpp
configure:17233: $? = 0
configure:17247: result: yes
configure:17280: checking for syslog.h
configure:17289: result: yes
configure:17320: checking sys/time.h usability
configure:17337: g++ -c -g -O2  conftest.cpp >&5
configure:17344: $? = 0
configure:17358: result: yes
configure:17362: checking sys/time.h presence
configure:17377: g++ -E  conftest.cpp
configure:17384: $? = 0
configure:17398: result: yes
configure:17431: checking for sys/time.h
configure:17440: result: yes
configure:17471: checking glob.h usability
configure:17488: g++ -c -g -O2  conftest.cpp >&5
configure:17495: $? = 0
configure:17509: result: yes
configure:17513: checking glob.h presence
configure:17528: g++ -E  conftest.cpp
configure:17535: $? = 0
configure:17549: result: yes
configure:17582: checking for glob.h
configure:17591: result: yes
configure:17611: checking size of void *
configure:17916: g++ -o conftest -g -O2   conftest.cpp  >&5
configure:17920: $? = 0
configure:17926: ./conftest
configure:17930: $? = 0
configure:17956: result: 8
configure:17969: checking for uint16_t
configure:17997: g++ -c -g -O2  conftest.cpp >&5
configure:18004: $? = 0
configure:18031: g++ -c -g -O2  conftest.cpp >&5
conftest.cpp: In function 'int main()':
conftest.cpp:68: error: expected primary-expression before ')' token
configure:18038: $? = 1
configure: failed program was:
| /* confdefs.h.  */
| #define PACKAGE_NAME "glog"
| #define PACKAGE_TARNAME "glog"
| #define PACKAGE_VERSION "0.3.2"
| #define PACKAGE_STRING "glog 0.3.2"
| #define PACKAGE_BUGREPORT "opensource@google.com"
| #define PACKAGE "glog"
| #define VERSION "0.3.2"
| #define HAVE_SYS_TYPES_H 1
| #define HAVE_SYS_STAT_H 1
| #define HAVE_STDLIB_H 1
| #define HAVE_STRING_H 1
| #define HAVE_MEMORY_H 1
| #define HAVE_STRINGS_H 1
| #define HAVE_INTTYPES_H 1
| #define HAVE_STDINT_H 1
| #define HAVE_UNISTD_H 1
| #define HAVE_DLFCN_H 1
| #define LT_OBJDIR ".libs/"
| #define HAVE_UNISTD_H 1
| #define HAVE_SYSCALL_H 1
| #define HAVE_SYS_SYSCALL_H 1
| #define HAVE_EXECINFO_H 1
| #define HAVE_UCONTEXT_H 1
| #define HAVE_SYS_UTSNAME_H 1
| #define HAVE_PWD_H 1
| #define HAVE_SYSLOG_H 1
| #define HAVE_SYS_TIME_H 1
| #define HAVE_GLOB_H 1
| #define SIZEOF_VOID_P 8
| /* end confdefs.h.  */
| #include <stdio.h>
| #ifdef HAVE_SYS_TYPES_H
| # include <sys/types.h>
| #endif
| #ifdef HAVE_SYS_STAT_H
| # include <sys/stat.h>
| #endif
| #ifdef STDC_HEADERS
| # include <stdlib.h>
| # include <stddef.h>
| #else
| # ifdef HAVE_STDLIB_H
| #  include <stdlib.h>
| # endif
| #endif
| #ifdef HAVE_STRING_H
| # if !defined STDC_HEADERS && defined HAVE_MEMORY_H
| #  include <memory.h>
| # endif
| # include <string.h>
| #endif
| #ifdef HAVE_STRINGS_H
| # include <strings.h>
| #endif
| #ifdef HAVE_INTTYPES_H
| # include <inttypes.h>
| #endif
| #ifdef HAVE_STDINT_H
| # include <stdint.h>
| #endif
| #ifdef HAVE_UNISTD_H
| # include <unistd.h>
| #endif
| int
| main ()
| {
| if (sizeof ((uint16_t)))
| 	  return 0;
|   ;
|   return 0;
| }
configure:18061: result: yes
configure:18069: checking for u_int16_t
configure:18097: g++ -c -g -O2  conftest.cpp >&5
configure:18104: $? = 0
configure:18131: g++ -c -g -O2  conftest.cpp >&5
conftest.cpp: In function 'int main()':
conftest.cpp:68: error: expected primary-expression before ')' token
configure:18138: $? = 1
configure: failed program was:
| /* confdefs.h.  */
| #define PACKAGE_NAME "glog"
| #define PACKAGE_TARNAME "glog"
| #define PACKAGE_VERSION "0.3.2"
| #define PACKAGE_STRING "glog 0.3.2"
| #define PACKAGE_BUGREPORT "opensource@google.com"
| #define PACKAGE "glog"
| #define VERSION "0.3.2"
| #define HAVE_SYS_TYPES_H 1
| #define HAVE_SYS_STAT_H 1
| #define HAVE_STDLIB_H 1
| #define HAVE_STRING_H 1
| #define HAVE_MEMORY_H 1
| #define HAVE_STRINGS_H 1
| #define HAVE_INTTYPES_H 1
| #define HAVE_STDINT_H 1
| #define HAVE_UNISTD_H 1
| #define HAVE_DLFCN_H 1
| #define LT_OBJDIR ".libs/"
| #define HAVE_UNISTD_H 1
| #define HAVE_SYSCALL_H 1
| #define HAVE_SYS_SYSCALL_H 1
| #define HAVE_EXECINFO_H 1
| #define HAVE_UCONTEXT_H 1
| #define HAVE_SYS_UTSNAME_H 1
| #define HAVE_PWD_H 1
| #define HAVE_SYSLOG_H 1
| #define HAVE_SYS_TIME_H 1
| #define HAVE_GLOB_H 1
| #define SIZEOF_VOID_P 8
| /* end confdefs.h.  */
| #include <stdio.h>
| #ifdef HAVE_SYS_TYPES_H
| # include <sys/types.h>
| #endif
| #ifdef HAVE_SYS_STAT_H
| # include <sys/stat.h>
| #endif
| #ifdef STDC_HEADERS
| # include <stdlib.h>
| # include <stddef.h>
| #else
| # ifdef HAVE_STDLIB_H
| #  include <stdlib.h>
| # endif
| #endif
| #ifdef HAVE_STRING_H
| # if !defined STDC_HEADERS && defined HAVE_MEMORY_H
| #  include <memory.h>
| # endif
| # include <string.h>
| #endif
| #ifdef HAVE_STRINGS_H
| # include <strings.h>
| #endif
| #ifdef HAVE_INTTYPES_H
| # include <inttypes.h>
| #endif
| #ifdef HAVE_STDINT_H
| # include <stdint.h>
| #endif
| #ifdef HAVE_UNISTD_H
| # include <unistd.h>
| #endif
| int
| main ()
| {
| if (sizeof ((u_int16_t)))
| 	  return 0;
|   ;
|   return 0;
| }
configure:18161: result: yes
configure:18169: checking for __uint16
configure:18197: g++ -c -g -O2  conftest.cpp >&5
conftest.cpp: In function 'int main()':
conftest.cpp:68: error: '__uint16' was not declared in this scope
configure:18204: $? = 1
configure: failed program was:
| /* confdefs.h.  */
| #define PACKAGE_NAME "glog"
| #define PACKAGE_TARNAME "glog"
| #define PACKAGE_VERSION "0.3.2"
| #define PACKAGE_STRING "glog 0.3.2"
| #define PACKAGE_BUGREPORT "opensource@google.com"
| #define PACKAGE "glog"
| #define VERSION "0.3.2"
| #define HAVE_SYS_TYPES_H 1
| #define HAVE_SYS_STAT_H 1
| #define HAVE_STDLIB_H 1
| #define HAVE_STRING_H 1
| #define HAVE_MEMORY_H 1
| #define HAVE_STRINGS_H 1
| #define HAVE_INTTYPES_H 1
| #define HAVE_STDINT_H 1
| #define HAVE_UNISTD_H 1
| #define HAVE_DLFCN_H 1
| #define LT_OBJDIR ".libs/"
| #define HAVE_UNISTD_H 1
| #define HAVE_SYSCALL_H 1
| #define HAVE_SYS_SYSCALL_H 1
| #define HAVE_EXECINFO_H 1
| #define HAVE_UCONTEXT_H 1
| #define HAVE_SYS_UTSNAME_H 1
| #define HAVE_PWD_H 1
| #define HAVE_SYSLOG_H 1
| #define HAVE_SYS_TIME_H 1
| #define HAVE_GLOB_H 1
| #define SIZEOF_VOID_P 8
| /* end confdefs.h.  */
| #include <stdio.h>
| #ifdef HAVE_SYS_TYPES_H
| # include <sys/types.h>
| #endif
| #ifdef HAVE_SYS_STAT_H
| # include <sys/stat.h>
| #endif
| #ifdef STDC_HEADERS
| # include <stdlib.h>
| # include <stddef.h>
| #else
| # ifdef HAVE_STDLIB_H
| #  include <stdlib.h>
| # endif
| #endif
| #ifdef HAVE_STRING_H
| # if !defined STDC_HEADERS && defined HAVE_MEMORY_H
| #  include <memory.h>
| # endif
| # include <string.h>
| #endif
| #ifdef HAVE_STRINGS_H
| # include <strings.h>
| #endif
| #ifdef HAVE_INTTYPES_H
| # include <inttypes.h>
| #endif
| #ifdef HAVE_STDINT_H
| # include <stdint.h>
| #endif
| #ifdef HAVE_UNISTD_H
| # include <unistd.h>
| #endif
| int
| main ()
| {
| if (sizeof (__uint16))
|        return 0;
|   ;
|   return 0;
| }
configure:18261: result: no
configure:18270: checking for sigaltstack
configure:18326: g++ -o conftest -g -O2   conftest.cpp  >&5
configure:18333: $? = 0
configure:18353: result: yes
configure:18363: checking for dladdr
configure:18419: g++ -o conftest -g -O2   conftest.cpp  >&5
/tmp/ccWPywij.o: In function `main':
/home/cztipoc/czti/trunk/users/mayuri/pipeline2.1/czti_pipeline/CZTI/LIBS/glog_modified-0.3.2/conftest.cpp:67: undefined reference to `dladdr'
collect2: ld returned 1 exit status
configure:18426: $? = 1
configure: failed program was:
| /* confdefs.h.  */
| #define PACKAGE_NAME "glog"
| #define PACKAGE_TARNAME "glog"
| #define PACKAGE_VERSION "0.3.2"
| #define PACKAGE_STRING "glog 0.3.2"
| #define PACKAGE_BUGREPORT "opensource@google.com"
| #define PACKAGE "glog"
| #define VERSION "0.3.2"
| #define HAVE_SYS_TYPES_H 1
| #define HAVE_SYS_STAT_H 1
| #define HAVE_STDLIB_H 1
| #define HAVE_STRING_H 1
| #define HAVE_MEMORY_H 1
| #define HAVE_STRINGS_H 1
| #define HAVE_INTTYPES_H 1
| #define HAVE_STDINT_H 1
| #define HAVE_UNISTD_H 1
| #define HAVE_DLFCN_H 1
| #define LT_OBJDIR ".libs/"
| #define HAVE_UNISTD_H 1
| #define HAVE_SYSCALL_H 1
| #define HAVE_SYS_SYSCALL_H 1
| #define HAVE_EXECINFO_H 1
| #define HAVE_UCONTEXT_H 1
| #define HAVE_SYS_UTSNAME_H 1
| #define HAVE_PWD_H 1
| #define HAVE_SYSLOG_H 1
| #define HAVE_SYS_TIME_H 1
| #define HAVE_GLOB_H 1
| #define SIZEOF_VOID_P 8
| #define HAVE_SIGALTSTACK 1
| /* end confdefs.h.  */
| /* Define dladdr to an innocuous variant, in case <limits.h> declares dladdr.
|    For example, HP-UX 11i <limits.h> declares gettimeofday.  */
| #define dladdr innocuous_dladdr
| 
| /* System header to define __stub macros and hopefully few prototypes,
|     which can conflict with char dladdr (); below.
|     Prefer <limits.h> to <assert.h> if __STDC__ is defined, since
|     <limits.h> exists even on freestanding compilers.  */
| 
| #ifdef __STDC__
| # include <limits.h>
| #else
| # include <assert.h>
| #endif
| 
| #undef dladdr
| 
| /* Override any GCC internal prototype to avoid an error.
|    Use char because int might match the return type of a GCC
|    builtin and then its argument prototype would still apply.  */
| #ifdef __cplusplus
| extern "C"
| #endif
| char dladdr ();
| /* The GNU C library defines this for functions which it implements
|     to always fail with ENOSYS.  Some functions are actually named
|     something starting with __ and the normal name is an alias.  */
| #if defined __stub_dladdr || defined __stub___dladdr
| choke me
| #endif
| 
| int
| main ()
| {
| return dladdr ();
|   ;
|   return 0;
| }
configure:18446: result: no
configure:18456: checking for fcntl
configure:18512: g++ -o conftest -g -O2   conftest.cpp  >&5
configure:18519: $? = 0
configure:18539: result: yes
configure:18551: checking for __attribute__
configure:18580: g++ -c -g -O2  conftest.cpp >&5
configure:18587: $? = 0
configure:18611: result: yes
configure:18624: checking for __builtin_expect
configure:18651: g++ -c -g -O2  conftest.cpp >&5
configure:18658: $? = 0
configure:18682: result: yes
configure:18692: checking for __sync_val_compare_and_swap
configure:18719: g++ -o conftest -g -O2   conftest.cpp  >&5
configure:18726: $? = 0
configure:18755: result: yes
configure:18789: g++ -c -g -O2  conftest.cpp >&5
configure:18796: $? = 0
configure:19024: checking for the pthreads library -lpthreads
configure:19067: gcc -o conftest -g -O2    conftest.c -lpthreads  >&5
/usr/bin/ld: cannot find -lpthreads
collect2: ld returned 1 exit status
configure:19074: $? = 1
configure: failed program was:
| /* confdefs.h.  */
| #define PACKAGE_NAME "glog"
| #define PACKAGE_TARNAME "glog"
| #define PACKAGE_VERSION "0.3.2"
| #define PACKAGE_STRING "glog 0.3.2"
| #define PACKAGE_BUGREPORT "opensource@google.com"
| #define PACKAGE "glog"
| #define VERSION "0.3.2"
| #define HAVE_SYS_TYPES_H 1
| #define HAVE_SYS_STAT_H 1
| #define HAVE_STDLIB_H 1
| #define HAVE_STRING_H 1
| #define HAVE_MEMORY_H 1
| #define HAVE_STRINGS_H 1
| #define HAVE_INTTYPES_H 1
| #define HAVE_STDINT_H 1
| #define HAVE_UNISTD_H 1
| #define HAVE_DLFCN_H 1
| #define LT_OBJDIR ".libs/"
| #define HAVE_UNISTD_H 1
| #define HAVE_SYSCALL_H 1
| #define HAVE_SYS_SYSCALL_H 1
| #define HAVE_EXECINFO_H 1
| #define HAVE_UCONTEXT_H 1
| #define HAVE_SYS_UTSNAME_H 1
| #define HAVE_PWD_H 1
| #define HAVE_SYSLOG_H 1
| #define HAVE_SYS_TIME_H 1
| #define HAVE_GLOB_H 1
| #define SIZEOF_VOID_P 8
| #define HAVE_SIGALTSTACK 1
| #define HAVE_FCNTL 1
| #define HAVE___ATTRIBUTE__ 1
| #define HAVE___BUILTIN_EXPECT 1
| #define HAVE___SYNC_VAL_COMPARE_AND_SWAP 1
| /* end confdefs.h.  */
| #include <pthread.h>
| int
| main ()
| {
| pthread_t th; pthread_join(th, 0);
|                      pthread_attr_init(0); pthread_cleanup_push(0, 0);
|                      pthread_create(0,0,0,0); pthread_cleanup_pop(0);
|   ;
|   return 0;
| }
configure:19097: result: no
configure:18969: checking whether pthreads work without any flags
configure:19067: gcc -o conftest -g -O2    conftest.c   >&5
/tmp/ccfoiYT2.o: In function `main':
/home/cztipoc/czti/trunk/users/mayuri/pipeline2.1/czti_pipeline/CZTI/LIBS/glog_modified-0.3.2/conftest.c:41: undefined reference to `pthread_join'
/home/cztipoc/czti/trunk/users/mayuri/pipeline2.1/czti_pipeline/CZTI/LIBS/glog_modified-0.3.2/conftest.c:42: undefined reference to `__pthread_register_cancel'
/home/cztipoc/czti/trunk/users/mayuri/pipeline2.1/czti_pipeline/CZTI/LIBS/glog_modified-0.3.2/conftest.c:43: undefined reference to `pthread_create'
/home/cztipoc/czti/trunk/users/mayuri/pipeline2.1/czti_pipeline/CZTI/LIBS/glog_modified-0.3.2/conftest.c:43: undefined reference to `__pthread_unregister_cancel'
collect2: ld returned 1 exit status
configure:19074: $? = 1
configure: failed program was:
| /* confdefs.h.  */
| #define PACKAGE_NAME "glog"
| #define PACKAGE_TARNAME "glog"
| #define PACKAGE_VERSION "0.3.2"
| #define PACKAGE_STRING "glog 0.3.2"
| #define PACKAGE_BUGREPORT "opensource@google.com"
| #define PACKAGE "glog"
| #define VERSION "0.3.2"
| #define HAVE_SYS_TYPES_H 1
| #define HAVE_SYS_STAT_H 1
| #define HAVE_STDLIB_H 1
| #define HAVE_STRING_H 1
| #define HAVE_MEMORY_H 1
| #define HAVE_STRINGS_H 1
| #define HAVE_INTTYPES_H 1
| #define HAVE_STDINT_H 1
| #define HAVE_UNISTD_H 1
| #define HAVE_DLFCN_H 1
| #define LT_OBJDIR ".libs/"
| #define HAVE_UNISTD_H 1
| #define HAVE_SYSCALL_H 1
| #define HAVE_SYS_SYSCALL_H 1
| #define HAVE_EXECINFO_H 1
| #define HAVE_UCONTEXT_H 1
| #define HAVE_SYS_UTSNAME_H 1
| #define HAVE_PWD_H 1
| #define HAVE_SYSLOG_H 1
| #define HAVE_SYS_TIME_H 1
| #define HAVE_GLOB_H 1
| #define SIZEOF_VOID_P 8
| #define HAVE_SIGALTSTACK 1
| #define HAVE_FCNTL 1
| #define HAVE___ATTRIBUTE__ 1
| #define HAVE___BUILTIN_EXPECT 1
| #define HAVE___SYNC_VAL_COMPARE_AND_SWAP 1
| /* end confdefs.h.  */
| #include <pthread.h>
| int
| main ()
| {
| pthread_t th; pthread_join(th, 0);
|                      pthread_attr_init(0); pthread_cleanup_push(0, 0);
|                      pthread_create(0,0,0,0); pthread_cleanup_pop(0);
|   ;
|   return 0;
| }
configure:19097: result: no
configure:18974: checking whether pthreads work with -Kthread
configure:19067: gcc -o conftest -g -O2 -Kthread   conftest.c   >&5
gcc: unrecognized option '-Kthread'
/tmp/ccNoWtH7.o: In function `main':
/home/cztipoc/czti/trunk/users/mayuri/pipeline2.1/czti_pipeline/CZTI/LIBS/glog_modified-0.3.2/conftest.c:41: undefined reference to `pthread_join'
/home/cztipoc/czti/trunk/users/mayuri/pipeline2.1/czti_pipeline/CZTI/LIBS/glog_modified-0.3.2/conftest.c:42: undefined reference to `__pthread_register_cancel'
/home/cztipoc/czti/trunk/users/mayuri/pipeline2.1/czti_pipeline/CZTI/LIBS/glog_modified-0.3.2/conftest.c:43: undefined reference to `pthread_create'
/home/cztipoc/czti/trunk/users/mayuri/pipeline2.1/czti_pipeline/CZTI/LIBS/glog_modified-0.3.2/conftest.c:43: undefined reference to `__pthread_unregister_cancel'
collect2: ld returned 1 exit status
configure:19074: $? = 1
configure: failed program was:
| /* confdefs.h.  */
| #define PACKAGE_NAME "glog"
| #define PACKAGE_TARNAME "glog"
| #define PACKAGE_VERSION "0.3.2"
| #define PACKAGE_STRING "glog 0.3.2"
| #define PACKAGE_BUGREPORT "opensource@google.com"
| #define PACKAGE "glog"
| #define VERSION "0.3.2"
| #define HAVE_SYS_TYPES_H 1
| #define HAVE_SYS_STAT_H 1
| #define HAVE_STDLIB_H 1
| #define HAVE_STRING_H 1
| #define HAVE_MEMORY_H 1
| #define HAVE_STRINGS_H 1
| #define HAVE_INTTYPES_H 1
| #define HAVE_STDINT_H 1
| #define HAVE_UNISTD_H 1
| #define HAVE_DLFCN_H 1
| #define LT_OBJDIR ".libs/"
| #define HAVE_UNISTD_H 1
| #define HAVE_SYSCALL_H 1
| #define HAVE_SYS_SYSCALL_H 1
| #define HAVE_EXECINFO_H 1
| #define HAVE_UCONTEXT_H 1
| #define HAVE_SYS_UTSNAME_H 1
| #define HAVE_PWD_H 1
| #define HAVE_SYSLOG_H 1
| #define HAVE_SYS_TIME_H 1
| #define HAVE_GLOB_H 1
| #define SIZEOF_VOID_P 8
| #define HAVE_SIGALTSTACK 1
| #define HAVE_FCNTL 1
| #define HAVE___ATTRIBUTE__ 1
| #define HAVE___BUILTIN_EXPECT 1
| #define HAVE___SYNC_VAL_COMPARE_AND_SWAP 1
| /* end confdefs.h.  */
| #include <pthread.h>
| int
| main ()
| {
| pthread_t th; pthread_join(th, 0);
|                      pthread_attr_init(0); pthread_cleanup_push(0, 0);
|                      pthread_create(0,0,0,0); pthread_cleanup_pop(0);
|   ;
|   return 0;
| }
configure:19097: result: no
configure:18974: checking whether pthreads work with -kthread
configure:19067: gcc -o conftest -g -O2 -kthread   conftest.c   >&5
gcc: unrecognized option '-kthread'
/tmp/ccfuu2Ec.o: In function `main':
/home/cztipoc/czti/trunk/users/mayuri/pipeline2.1/czti_pipeline/CZTI/LIBS/glog_modified-0.3.2/conftest.c:41: undefined reference to `pthread_join'
/home/cztipoc/czti/trunk/users/mayuri/pipeline2.1/czti_pipeline/CZTI/LIBS/glog_modified-0.3.2/conftest.c:42: undefined reference to `__pthread_register_cancel'
/home/cztipoc/czti/trunk/users/mayuri/pipeline2.1/czti_pipeline/CZTI/LIBS/glog_modified-0.3.2/conftest.c:43: undefined reference to `pthread_create'
/home/cztipoc/czti/trunk/users/mayuri/pipeline2.1/czti_pipeline/CZTI/LIBS/glog_modified-0.3.2/conftest.c:43: undefined reference to `__pthread_unregister_cancel'
collect2: ld returned 1 exit status
configure:19074: $? = 1
configure: failed program was:
| /* confdefs.h.  */
| #define PACKAGE_NAME "glog"
| #define PACKAGE_TARNAME "glog"
| #define PACKAGE_VERSION "0.3.2"
| #define PACKAGE_STRING "glog 0.3.2"
| #define PACKAGE_BUGREPORT "opensource@google.com"
| #define PACKAGE "glog"
| #define VERSION "0.3.2"
| #define HAVE_SYS_TYPES_H 1
| #define HAVE_SYS_STAT_H 1
| #define HAVE_STDLIB_H 1
| #define HAVE_STRING_H 1
| #define HAVE_MEMORY_H 1
| #define HAVE_STRINGS_H 1
| #define HAVE_INTTYPES_H 1
| #define HAVE_STDINT_H 1
| #define HAVE_UNISTD_H 1
| #define HAVE_DLFCN_H 1
| #define LT_OBJDIR ".libs/"
| #define HAVE_UNISTD_H 1
| #define HAVE_SYSCALL_H 1
| #define HAVE_SYS_SYSCALL_H 1
| #define HAVE_EXECINFO_H 1
| #define HAVE_UCONTEXT_H 1
| #define HAVE_SYS_UTSNAME_H 1
| #define HAVE_PWD_H 1
| #define HAVE_SYSLOG_H 1
| #define HAVE_SYS_TIME_H 1
| #define HAVE_GLOB_H 1
| #define SIZEOF_VOID_P 8
| #define HAVE_SIGALTSTACK 1
| #define HAVE_FCNTL 1
| #define HAVE___ATTRIBUTE__ 1
| #define HAVE___BUILTIN_EXPECT 1
| #define HAVE___SYNC_VAL_COMPARE_AND_SWAP 1
| /* end confdefs.h.  */
| #include <pthread.h>
| int
| main ()
| {
| pthread_t th; pthread_join(th, 0);
|                      pthread_attr_init(0); pthread_cleanup_push(0, 0);
|                      pthread_create(0,0,0,0); pthread_cleanup_pop(0);
|   ;
|   return 0;
| }
configure:19097: result: no
configure:19024: checking for the pthreads library -llthread
configure:19067: gcc -o conftest -g -O2    conftest.c -llthread  >&5
/usr/bin/ld: cannot find -llthread
collect2: ld returned 1 exit status
configure:19074: $? = 1
configure: failed program was:
| /* confdefs.h.  */
| #define PACKAGE_NAME "glog"
| #define PACKAGE_TARNAME "glog"
| #define PACKAGE_VERSION "0.3.2"
| #define PACKAGE_STRING "glog 0.3.2"
| #define PACKAGE_BUGREPORT "opensource@google.com"
| #define PACKAGE "glog"
| #define VERSION "0.3.2"
| #define HAVE_SYS_TYPES_H 1
| #define HAVE_SYS_STAT_H 1
| #define HAVE_STDLIB_H 1
| #define HAVE_STRING_H 1
| #define HAVE_MEMORY_H 1
| #define HAVE_STRINGS_H 1
| #define HAVE_INTTYPES_H 1
| #define HAVE_STDINT_H 1
| #define HAVE_UNISTD_H 1
| #define HAVE_DLFCN_H 1
| #define LT_OBJDIR ".libs/"
| #define HAVE_UNISTD_H 1
| #define HAVE_SYSCALL_H 1
| #define HAVE_SYS_SYSCALL_H 1
| #define HAVE_EXECINFO_H 1
| #define HAVE_UCONTEXT_H 1
| #define HAVE_SYS_UTSNAME_H 1
| #define HAVE_PWD_H 1
| #define HAVE_SYSLOG_H 1
| #define HAVE_SYS_TIME_H 1
| #define HAVE_GLOB_H 1
| #define SIZEOF_VOID_P 8
| #define HAVE_SIGALTSTACK 1
| #define HAVE_FCNTL 1
| #define HAVE___ATTRIBUTE__ 1
| #define HAVE___BUILTIN_EXPECT 1
| #define HAVE___SYNC_VAL_COMPARE_AND_SWAP 1
| /* end confdefs.h.  */
| #include <pthread.h>
| int
| main ()
| {
| pthread_t th; pthread_join(th, 0);
|                      pthread_attr_init(0); pthread_cleanup_push(0, 0);
|                      pthread_create(0,0,0,0); pthread_cleanup_pop(0);
|   ;
|   return 0;
| }
configure:19097: result: no
configure:18974: checking whether pthreads work with -pthread
configure:19067: gcc -o conftest -g -O2 -pthread   conftest.c   >&5
configure:19074: $? = 0
configure:19097: result: yes
configure:19116: checking for joinable pthread attribute
configure:19141: gcc -o conftest -g -O2 -pthread   conftest.c   >&5
configure:19148: $? = 0
configure:19168: result: PTHREAD_CREATE_JOINABLE
configure:19178: checking if more special flags are required for pthreads
configure:19185: result: no
configure:19274: checking whether to check for GCC pthread/shared inconsistencies
configure:19297: gcc -o conftest -shared -fPIC -Wl,-z,defs -g -O2 -pthread   conftest.c   >&5
configure:19304: $? = 0
configure:19328: result: yes
configure:19334: checking whether -pthread is sufficient with -shared
configure:19359: gcc -o conftest -shared -fPIC -Wl,-z,defs -g -O2 -pthread   conftest.c   >&5
configure:19366: $? = 0
configure:19387: result: yes
configure:19571: checking for pthread_self in -lpthread
configure:19606: g++ -o conftest -g -O2   conftest.cpp -lpthread   >&5
configure:19613: $? = 0
configure:19634: result: yes
configure:19660: checking for main in -lgflags
configure:19689: g++ -o conftest -g -O2   conftest.cpp -lgflags  -lpthread  >&5
/usr/bin/ld: cannot find -lgflags
collect2: ld returned 1 exit status
configure:19696: $? = 1
configure: failed program was:
| /* confdefs.h.  */
| #define PACKAGE_NAME "glog"
| #define PACKAGE_TARNAME "glog"
| #define PACKAGE_VERSION "0.3.2"
| #define PACKAGE_STRING "glog 0.3.2"
| #define PACKAGE_BUGREPORT "opensource@google.com"
| #define PACKAGE "glog"
| #define VERSION "0.3.2"
| #define HAVE_SYS_TYPES_H 1
| #define HAVE_SYS_STAT_H 1
| #define HAVE_STDLIB_H 1
| #define HAVE_STRING_H 1
| #define HAVE_MEMORY_H 1
| #define HAVE_STRINGS_H 1
| #define HAVE_INTTYPES_H 1
| #define HAVE_STDINT_H 1
| #define HAVE_UNISTD_H 1
| #define HAVE_DLFCN_H 1
| #define LT_OBJDIR ".libs/"
| #define HAVE_UNISTD_H 1
| #define HAVE_SYSCALL_H 1
| #define HAVE_SYS_SYSCALL_H 1
| #define HAVE_EXECINFO_H 1
| #define HAVE_UCONTEXT_H 1
| #define HAVE_SYS_UTSNAME_H 1
| #define HAVE_PWD_H 1
| #define HAVE_SYSLOG_H 1
| #define HAVE_SYS_TIME_H 1
| #define HAVE_GLOB_H 1
| #define SIZEOF_VOID_P 8
| #define HAVE_SIGALTSTACK 1
| #define HAVE_FCNTL 1
| #define HAVE___ATTRIBUTE__ 1
| #define HAVE___BUILTIN_EXPECT 1
| #define HAVE___SYNC_VAL_COMPARE_AND_SWAP 1
| #define HAVE_PTHREAD 1
| #define HAVE_LIBPTHREAD 1
| /* end confdefs.h.  */
| 
| 
| int
| main ()
| {
| return main ();
|   ;
|   return 0;
| }
configure:19717: result: no
configure:19746: checking for gtest-config
configure:19776: result: no
configure:19943: checking support for pthread_rwlock_* functions
configure:19979: gcc -c -g -O2  conftest.c >&5
configure:19986: $? = 0
configure:20008: result: yes
configure:20021: checking whether the compiler implements namespaces
configure:20055: g++ -c -g -O2  conftest.cpp >&5
configure:20062: $? = 0
configure:20083: result: yes
configure:20092: checking what namespace STL code is in
configure:20126: g++ -c -g -O2  conftest.cpp >&5
conftest.cpp: In function 'int main()':
conftest.cpp:45: error: 'vector' was not declared in this scope
conftest.cpp:45: error: expected primary-expression before 'int'
conftest.cpp:45: error: expected ';' before 'int'
configure:20133: $? = 1
configure: failed program was:
| /* confdefs.h.  */
| #define PACKAGE_NAME "glog"
| #define PACKAGE_TARNAME "glog"
| #define PACKAGE_VERSION "0.3.2"
| #define PACKAGE_STRING "glog 0.3.2"
| #define PACKAGE_BUGREPORT "opensource@google.com"
| #define PACKAGE "glog"
| #define VERSION "0.3.2"
| #define HAVE_SYS_TYPES_H 1
| #define HAVE_SYS_STAT_H 1
| #define HAVE_STDLIB_H 1
| #define HAVE_STRING_H 1
| #define HAVE_MEMORY_H 1
| #define HAVE_STRINGS_H 1
| #define HAVE_INTTYPES_H 1
| #define HAVE_STDINT_H 1
| #define HAVE_UNISTD_H 1
| #define HAVE_DLFCN_H 1
| #define LT_OBJDIR ".libs/"
| #define HAVE_UNISTD_H 1
| #define HAVE_SYSCALL_H 1
| #define HAVE_SYS_SYSCALL_H 1
| #define HAVE_EXECINFO_H 1
| #define HAVE_UCONTEXT_H 1
| #define HAVE_SYS_UTSNAME_H 1
| #define HAVE_PWD_H 1
| #define HAVE_SYSLOG_H 1
| #define HAVE_SYS_TIME_H 1
| #define HAVE_GLOB_H 1
| #define SIZEOF_VOID_P 8
| #define HAVE_SIGALTSTACK 1
| #define HAVE_FCNTL 1
| #define HAVE___ATTRIBUTE__ 1
| #define HAVE___BUILTIN_EXPECT 1
| #define HAVE___SYNC_VAL_COMPARE_AND_SWAP 1
| #define HAVE_PTHREAD 1
| #define HAVE_LIBPTHREAD 1
| #define HAVE_RWLOCK 1
| #define HAVE_NAMESPACES 1
| /* end confdefs.h.  */
| #include <vector>
| int
| main ()
| {
| vector<int> t; return 0;
|   ;
|   return 0;
| }
configure:20168: g++ -c -g -O2  conftest.cpp >&5
configure:20175: $? = 0
configure:20196: result: std
configure:20251: checking whether compiler supports using ::operator<<
configure:20285: g++ -c -g -O2  conftest.cpp >&5
configure:20292: $? = 0
configure:20313: result: 1
configure:20328: checking for ucontext.h
configure:20335: result: yes
configure:20490: checking sys/ucontext.h usability
configure:20507: g++ -c -g -O2  conftest.cpp >&5
configure:20514: $? = 0
configure:20528: result: yes
configure:20532: checking sys/ucontext.h presence
configure:20547: g++ -E  conftest.cpp
configure:20554: $? = 0
configure:20568: result: yes
configure:20601: checking for sys/ucontext.h
configure:20610: result: yes
configure:20625: checking how to access the program counter from a struct ucontext
configure:20670: g++ -c -g -O2  conftest.cpp >&5
conftest.cpp: In function 'int main()':
conftest.cpp:53: error: 'REG_PC' was not declared in this scope
configure:20677: $? = 1
configure: failed program was:
| /* confdefs.h.  */
| #define PACKAGE_NAME "glog"
| #define PACKAGE_TARNAME "glog"
| #define PACKAGE_VERSION "0.3.2"
| #define PACKAGE_STRING "glog 0.3.2"
| #define PACKAGE_BUGREPORT "opensource@google.com"
| #define PACKAGE "glog"
| #define VERSION "0.3.2"
| #define HAVE_SYS_TYPES_H 1
| #define HAVE_SYS_STAT_H 1
| #define HAVE_STDLIB_H 1
| #define HAVE_STRING_H 1
| #define HAVE_MEMORY_H 1
| #define HAVE_STRINGS_H 1
| #define HAVE_INTTYPES_H 1
| #define HAVE_STDINT_H 1
| #define HAVE_UNISTD_H 1
| #define HAVE_DLFCN_H 1
| #define LT_OBJDIR ".libs/"
| #define HAVE_UNISTD_H 1
| #define HAVE_SYSCALL_H 1
| #define HAVE_SYS_SYSCALL_H 1
| #define HAVE_EXECINFO_H 1
| #define HAVE_UCONTEXT_H 1
| #define HAVE_SYS_UTSNAME_H 1
| #define HAVE_PWD_H 1
| #define HAVE_SYSLOG_H 1
| #define HAVE_SYS_TIME_H 1
| #define HAVE_GLOB_H 1
| #define SIZEOF_VOID_P 8
| #define HAVE_SIGALTSTACK 1
| #define HAVE_FCNTL 1
| #define HAVE___ATTRIBUTE__ 1
| #define HAVE___BUILTIN_EXPECT 1
| #define HAVE___SYNC_VAL_COMPARE_AND_SWAP 1
| #define HAVE_PTHREAD 1
| #define HAVE_LIBPTHREAD 1
| #define HAVE_RWLOCK 1
| #define HAVE_NAMESPACES 1
| #define STL_NAMESPACE std
| #define GOOGLE_NAMESPACE google
| #define _START_GOOGLE_NAMESPACE_ namespace google {
| #define _END_GOOGLE_NAMESPACE_ }
| #define HAVE_USING_OPERATOR 1
| #define HAVE_UCONTEXT_H 1
| #define HAVE_SYS_UCONTEXT_H 1
| /* end confdefs.h.  */
| #define _GNU_SOURCE 1
|                          #include <sys/ucontext.h>
| int
| main ()
| {
| ucontext_t u; return u.uc_mcontext.gregs[REG_PC] == 0;
|   ;
|   return 0;
| }
configure:20670: g++ -c -g -O2  conftest.cpp >&5
conftest.cpp: In function 'int main()':
conftest.cpp:53: error: 'REG_EIP' was not declared in this scope
configure:20677: $? = 1
configure: failed program was:
| /* confdefs.h.  */
| #define PACKAGE_NAME "glog"
| #define PACKAGE_TARNAME "glog"
| #define PACKAGE_VERSION "0.3.2"
| #define PACKAGE_STRING "glog 0.3.2"
| #define PACKAGE_BUGREPORT "opensource@google.com"
| #define PACKAGE "glog"
| #define VERSION "0.3.2"
| #define HAVE_SYS_TYPES_H 1
| #define HAVE_SYS_STAT_H 1
| #define HAVE_STDLIB_H 1
| #define HAVE_STRING_H 1
| #define HAVE_MEMORY_H 1
| #define HAVE_STRINGS_H 1
| #define HAVE_INTTYPES_H 1
| #define HAVE_STDINT_H 1
| #define HAVE_UNISTD_H 1
| #define HAVE_DLFCN_H 1
| #define LT_OBJDIR ".libs/"
| #define HAVE_UNISTD_H 1
| #define HAVE_SYSCALL_H 1
| #define HAVE_SYS_SYSCALL_H 1
| #define HAVE_EXECINFO_H 1
| #define HAVE_UCONTEXT_H 1
| #define HAVE_SYS_UTSNAME_H 1
| #define HAVE_PWD_H 1
| #define HAVE_SYSLOG_H 1
| #define HAVE_SYS_TIME_H 1
| #define HAVE_GLOB_H 1
| #define SIZEOF_VOID_P 8
| #define HAVE_SIGALTSTACK 1
| #define HAVE_FCNTL 1
| #define HAVE___ATTRIBUTE__ 1
| #define HAVE___BUILTIN_EXPECT 1
| #define HAVE___SYNC_VAL_COMPARE_AND_SWAP 1
| #define HAVE_PTHREAD 1
| #define HAVE_LIBPTHREAD 1
| #define HAVE_RWLOCK 1
| #define HAVE_NAMESPACES 1
| #define STL_NAMESPACE std
| #define GOOGLE_NAMESPACE google
| #define _START_GOOGLE_NAMESPACE_ namespace google {
| #define _END_GOOGLE_NAMESPACE_ }
| #define HAVE_USING_OPERATOR 1
| #define HAVE_UCONTEXT_H 1
| #define HAVE_SYS_UCONTEXT_H 1
| /* end confdefs.h.  */
| #define _GNU_SOURCE 1
|                          #include <sys/ucontext.h>
| int
| main ()
| {
| ucontext_t u; return u.uc_mcontext.gregs[REG_EIP] == 0;
|   ;
|   return 0;
| }
configure:20670: g++ -c -g -O2  conftest.cpp >&5
configure:20677: $? = 0
configure:20687: result: uc_mcontext.gregs[REG_RIP]
configure:21014: creating ./config.status

## ---------------------- ##
## Running config.status. ##
## ---------------------- ##

This file was extended by glog config.status 0.3.2, which was
generated by GNU Autoconf 2.63.  Invocation command line was

  CONFIG_FILES    = 
  CONFIG_HEADERS  = 
  CONFIG_LINKS    = 
  CONFIG_COMMANDS = 
  $ ./config.status 

on rohini.ac.iucaa.ernet.in

config.status:1115: creating Makefile
config.status:1115: creating src/glog/logging.h
config.status:1115: creating src/glog/raw_logging.h
config.status:1115: creating src/glog/vlog_is_on.h
config.status:1115: creating src/glog/stl_logging.h
config.status:1115: creating libglog.pc
config.status:1115: creating src/config.h
config.status:1337: src/config.h is unchanged
config.status:1389: executing depfiles commands
config.status:1389: executing libtool commands

## ---------------- ##
## Cache variables. ##
## ---------------- ##

ac_cv___attribute__=yes
ac_cv___attribute___noreturn='__attribute__ ((noreturn))'
ac_cv___attribute___printf_4_5='__attribute__((__format__ (__printf__, 4, 5)))'
ac_cv___builtin_expect=yes
ac_cv___sync_val_compare_and_swap=yes
ac_cv_build=x86_64-unknown-linux-gnu
ac_cv_c_compiler_gnu=yes
ac_cv_cxx_compiler_gnu=yes
ac_cv_cxx_namespaces=yes
ac_cv_cxx_stl_namespace=std
ac_cv_cxx_using_operator=1
ac_cv_env_CCC_set=
ac_cv_env_CCC_value=
ac_cv_env_CC_set=
ac_cv_env_CC_value=
ac_cv_env_CFLAGS_set=
ac_cv_env_CFLAGS_value=
ac_cv_env_CPPFLAGS_set=
ac_cv_env_CPPFLAGS_value=
ac_cv_env_CPP_set=
ac_cv_env_CPP_value=
ac_cv_env_CXXCPP_set=
ac_cv_env_CXXCPP_value=
ac_cv_env_CXXFLAGS_set=
ac_cv_env_CXXFLAGS_value=
ac_cv_env_CXX_set=
ac_cv_env_CXX_value=
ac_cv_env_LDFLAGS_set=
ac_cv_env_LDFLAGS_value=
ac_cv_env_LIBS_set=
ac_cv_env_LIBS_value=
ac_cv_env_build_alias_set=
ac_cv_env_build_alias_value=
ac_cv_env_host_alias_set=
ac_cv_env_host_alias_value=
ac_cv_env_target_alias_set=
ac_cv_env_target_alias_value=
ac_cv_func_dladdr=no
ac_cv_func_fcntl=yes
ac_cv_func_sigaltstack=yes
ac_cv_have___builtin_expect=1
ac_cv_have___uint16=0
ac_cv_have_inttypes_h=1
ac_cv_have_libgflags=0
ac_cv_have_libunwind_h=0
ac_cv_have_stdint_h=1
ac_cv_have_systypes_h=1
ac_cv_have_u_int16_t=1
ac_cv_have_uint16_t=1
ac_cv_have_unistd_h=1
ac_cv_header_dlfcn_h=yes
ac_cv_header_execinfo_h=yes
ac_cv_header_glob_h=yes
ac_cv_header_inttypes_h=yes
ac_cv_header_libunwind_h=no
ac_cv_header_memory_h=yes
ac_cv_header_pwd_h=yes
ac_cv_header_stdc=no
ac_cv_header_stdint_h=yes
ac_cv_header_stdlib_h=yes
ac_cv_header_string_h=yes
ac_cv_header_strings_h=yes
ac_cv_header_sys_stat_h=yes
ac_cv_header_sys_syscall_h=yes
ac_cv_header_sys_time_h=yes
ac_cv_header_sys_types_h=yes
ac_cv_header_sys_ucontext_h=yes
ac_cv_header_sys_utsname_h=yes
ac_cv_header_syscall_h=yes
ac_cv_header_syslog_h=yes
ac_cv_header_ucontext_h=yes
ac_cv_header_unistd_h=yes
ac_cv_host=x86_64-unknown-linux-gnu
ac_cv_lib_gflags_main=no
ac_cv_lib_pthread_pthread_self=yes
ac_cv_objext=o
ac_cv_path_EGREP='/bin/grep -E'
ac_cv_path_FGREP='/bin/grep -F'
ac_cv_path_GREP=/bin/grep
ac_cv_path_SED=/bin/sed
ac_cv_path_install='/usr/bin/install -c'
ac_cv_path_mkdir=/bin/mkdir
ac_cv_prog_AWK=gawk
ac_cv_prog_CPP='gcc -E'
ac_cv_prog_CXXCPP='g++ -E'
ac_cv_prog_ac_ct_AR=ar
ac_cv_prog_ac_ct_CC=gcc
ac_cv_prog_ac_ct_CXX=g++
ac_cv_prog_ac_ct_OBJDUMP=objdump
ac_cv_prog_ac_ct_RANLIB=ranlib
ac_cv_prog_ac_ct_STRIP=strip
ac_cv_prog_cc_c89=
ac_cv_prog_cc_g=yes
ac_cv_prog_cxx_g=yes
ac_cv_prog_make_make_set=yes
ac_cv_rwlock=yes
ac_cv_sizeof_void_p=8
ac_cv_type___uint16=no
ac_cv_type_u_int16_t=yes
ac_cv_type_uint16_t=yes
am_cv_CC_dependencies_compiler_type=gcc3
am_cv_CXX_dependencies_compiler_type=gcc3
lt_cv_deplibs_check_method=pass_all
lt_cv_file_magic_cmd='$MAGIC_CMD'
lt_cv_file_magic_test_file=
lt_cv_ld_reload_flag=-r
lt_cv_nm_interface='BSD nm'
lt_cv_objdir=.libs
lt_cv_path_LD=/usr/bin/ld
lt_cv_path_LDCXX='/usr/bin/ld -m elf_x86_64'
lt_cv_path_NM='/usr/bin/nm -B'
lt_cv_prog_compiler_c_o=yes
lt_cv_prog_compiler_c_o_CXX=yes
lt_cv_prog_compiler_pic_works=yes
lt_cv_prog_compiler_pic_works_CXX=yes
lt_cv_prog_compiler_rtti_exceptions=no
lt_cv_prog_compiler_static_works=no
lt_cv_prog_compiler_static_works_CXX=no
lt_cv_prog_gnu_ld=yes
lt_cv_prog_gnu_ldcxx=yes
lt_cv_sys_global_symbol_pipe='sed -n -e '\''s/^.*[	 ]\([ABCDGIRSTW][ABCDGIRSTW]*\)[	 ][	 ]*\([_A-Za-z][_A-Za-z0-9]*\)$/\1 \2 \2/p'\'''
lt_cv_sys_global_symbol_to_c_name_address='sed -n -e '\''s/^: \([^ ]*\) $/  {\"\1\", (void *) 0},/p'\'' -e '\''s/^[ABCDGIRSTW]* \([^ ]*\) \([^ ]*\)$/  {"\2", (void *) \&\2},/p'\'''
lt_cv_sys_global_symbol_to_c_name_address_lib_prefix='sed -n -e '\''s/^: \([^ ]*\) $/  {\"\1\", (void *) 0},/p'\'' -e '\''s/^[ABCDGIRSTW]* \([^ ]*\) \(lib[^ ]*\)$/  {"\2", (void *) \&\2},/p'\'' -e '\''s/^[ABCDGIRSTW]* \([^ ]*\) \([^ ]*\)$/  {"lib\2", (void *) \&\2},/p'\'''
lt_cv_sys_global_symbol_to_cdecl='sed -n -e '\''s/^T .* \(.*\)$/extern int \1();/p'\'' -e '\''s/^[ABCDGIRSTW]* .* \(.*\)$/extern char \1;/p'\'''
lt_cv_sys_max_cmd_len=1966080

## ----------------- ##
## Output variables. ##
## ----------------- ##

ACLOCAL='${SHELL} /home/cztipoc/czti/trunk/users/mayuri/pipeline2.1/czti_pipeline/CZTI/LIBS/glog_modified-0.3.2/missing --run aclocal-1.11'
AMDEPBACKSLASH='\'
AMDEP_FALSE='#'
AMDEP_TRUE=''
AMTAR='${SHELL} /home/cztipoc/czti/trunk/users/mayuri/pipeline2.1/czti_pipeline/CZTI/LIBS/glog_modified-0.3.2/missing --run tar'
AR='ar'
AUTOCONF='${SHELL} /home/cztipoc/czti/trunk/users/mayuri/pipeline2.1/czti_pipeline/CZTI/LIBS/glog_modified-0.3.2/missing --run autoconf'
AUTOHEADER='${SHELL} /home/cztipoc/czti/trunk/users/mayuri/pipeline2.1/czti_pipeline/CZTI/LIBS/glog_modified-0.3.2/missing --run autoheader'
AUTOMAKE='${SHELL} /home/cztipoc/czti/trunk/users/mayuri/pipeline2.1/czti_pipeline/CZTI/LIBS/glog_modified-0.3.2/missing --run automake-1.11'
AWK='gawk'
CC='gcc'
CCDEPMODE='depmode=gcc3'
CFLAGS='-g -O2'
CPP='gcc -E'
CPPFLAGS=''
CXX='g++'
CXXCPP='g++ -E'
CXXDEPMODE='depmode=gcc3'
CXXFLAGS='-g -O2'
CYGPATH_W='echo'
DEFS='-DHAVE_CONFIG_H'
DEPDIR='.deps'
DSYMUTIL=''
DUMPBIN=''
ECHO_C=''
ECHO_N='-n'
ECHO_T=''
EGREP='/bin/grep -E'
ENABLE_FRAME_POINTERS_FALSE=''
ENABLE_FRAME_POINTERS_TRUE='#'
EXEEXT=''
FGREP='/bin/grep -F'
GCC_FALSE='#'
GCC_TRUE=''
GFLAGS_CFLAGS=''
GFLAGS_LIBS=''
GMOCK_CFLAGS=''
GMOCK_CONFIG=''
GMOCK_LIBS=''
GREP='/bin/grep'
GTEST_CFLAGS=''
GTEST_CONFIG=''
GTEST_LIBS=''
HAVE_GMOCK_FALSE=''
HAVE_GMOCK_TRUE='#'
INSTALL_DATA='${INSTALL} -m 644'
INSTALL_PROGRAM='${INSTALL}'
INSTALL_SCRIPT='${INSTALL}'
INSTALL_STRIP_PROGRAM='$(install_sh) -c -s'
LD='/usr/bin/ld -m elf_x86_64'
LDFLAGS=''
LIBOBJS=''
LIBS='-lpthread '
LIBTOOL='$(SHELL) $(top_builddir)/libtool'
LIBTOOL_DEPS='./ltmain.sh'
LIPO=''
LN_S='ln -s'
LTLIBOBJS=''
MAKEINFO='${SHELL} /home/cztipoc/czti/trunk/users/mayuri/pipeline2.1/czti_pipeline/CZTI/LIBS/glog_modified-0.3.2/missing --run makeinfo'
MKDIR_P='/bin/mkdir -p'
NM='/usr/bin/nm -B'
NMEDIT=''
OBJDUMP='objdump'
OBJEXT='o'
OTOOL64=''
OTOOL=''
PACKAGE='glog'
PACKAGE_BUGREPORT='opensource@google.com'
PACKAGE_NAME='glog'
PACKAGE_STRING='glog 0.3.2'
PACKAGE_TARNAME='glog'
PACKAGE_VERSION='0.3.2'
PATH_SEPARATOR=':'
PTHREAD_CC='gcc'
PTHREAD_CFLAGS='-pthread'
PTHREAD_LIBS=''
RANLIB='ranlib'
SED='/bin/sed'
SET_MAKE=''
SHELL='/bin/sh'
STRIP='strip'
UNWIND_LIBS=''
VERSION='0.3.2'
X86_64_FALSE='#'
X86_64_TRUE=''
ac_ct_CC='gcc'
ac_ct_CXX='g++'
ac_ct_DUMPBIN=''
ac_cv___attribute___noreturn='__attribute__ ((noreturn))'
ac_cv___attribute___printf_4_5='__attribute__((__format__ (__printf__, 4, 5)))'
ac_cv_cxx_using_operator='1'
ac_cv_have___builtin_expect='1'
ac_cv_have___uint16='0'
ac_cv_have_inttypes_h='1'
ac_cv_have_libgflags='0'
ac_cv_have_stdint_h='1'
ac_cv_have_systypes_h='1'
ac_cv_have_u_int16_t='1'
ac_cv_have_uint16_t='1'
ac_cv_have_unistd_h='1'
ac_google_end_namespace='}'
ac_google_namespace='google'
ac_google_start_namespace='namespace google {'
acx_pthread_config=''
am__EXEEXT_FALSE=''
am__EXEEXT_TRUE='#'
am__fastdepCC_FALSE='#'
am__fastdepCC_TRUE=''
am__fastdepCXX_FALSE='#'
am__fastdepCXX_TRUE=''
am__include='include'
am__isrc=''
am__leading_dot='.'
am__quote=''
am__tar='${AMTAR} chof - "$$tardir"'
am__untar='${AMTAR} xf -'
bindir='${exec_prefix}/bin'
build='x86_64-unknown-linux-gnu'
build_alias=''
build_cpu='x86_64'
build_os='linux-gnu'
build_vendor='unknown'
datadir='${datarootdir}'
datarootdir='${prefix}/share'
docdir='${datarootdir}/doc/${PACKAGE_TARNAME}'
dvidir='${docdir}'
exec_prefix='${prefix}'
host='x86_64-unknown-linux-gnu'
host_alias=''
host_cpu='x86_64'
host_os='linux-gnu'
host_vendor='unknown'
htmldir='${docdir}'
includedir='${prefix}/include'
infodir='${datarootdir}/info'
install_sh='${SHELL} /home/cztipoc/czti/trunk/users/mayuri/pipeline2.1/czti_pipeline/CZTI/LIBS/glog_modified-0.3.2/install-sh'
libdir='${exec_prefix}/lib'
libexecdir='${exec_prefix}/libexec'
localedir='${datarootdir}/locale'
localstatedir='${prefix}/var'
lt_ECHO='echo'
mandir='${datarootdir}/man'
mkdir_p='/bin/mkdir -p'
oldincludedir='/usr/include'
pdfdir='${docdir}'
prefix='/home/cztipoc/czti/trunk/users/mayuri/pipeline2.1/czti_pipeline/CZTI/LIBS/glog_modified-0.3.2/../..'
program_transform_name='s,x,x,'
psdir='${docdir}'
sbindir='${exec_prefix}/sbin'
sharedstatedir='${prefix}/com'
sysconfdir='${prefix}/etc'
target_alias=''

## ----------- ##
## confdefs.h. ##
## ----------- ##

#define PACKAGE_NAME "glog"
#define PACKAGE_TARNAME "glog"
#define PACKAGE_VERSION "0.3.2"
#define PACKAGE_STRING "glog 0.3.2"
#define PACKAGE_BUGREPORT "opensource@google.com"
#define PACKAGE "glog"
#define VERSION "0.3.2"
#define HAVE_SYS_TYPES_H 1
#define HAVE_SYS_STAT_H 1
#define HAVE_STDLIB_H 1
#define HAVE_STRING_H 1
#define HAVE_MEMORY_H 1
#define HAVE_STRINGS_H 1
#define HAVE_INTTYPES_H 1
#define HAVE_STDINT_H 1
#define HAVE_UNISTD_H 1
#define HAVE_DLFCN_H 1
#define LT_OBJDIR ".libs/"
#define HAVE_UNISTD_H 1
#define HAVE_SYSCALL_H 1
#define HAVE_SYS_SYSCALL_H 1
#define HAVE_EXECINFO_H 1
#define HAVE_UCONTEXT_H 1
#define HAVE_SYS_UTSNAME_H 1
#define HAVE_PWD_H 1
#define HAVE_SYSLOG_H 1
#define HAVE_SYS_TIME_H 1
#define HAVE_GLOB_H 1
#define SIZEOF_VOID_P 8
#define HAVE_SIGALTSTACK 1
#define HAVE_FCNTL 1
#define HAVE___ATTRIBUTE__ 1
#define HAVE___BUILTIN_EXPECT 1
#define HAVE___SYNC_VAL_COMPARE_AND_SWAP 1
#define HAVE_PTHREAD 1
#define HAVE_LIBPTHREAD 1
#define HAVE_RWLOCK 1
#define HAVE_NAMESPACES 1
#define STL_NAMESPACE std
#define GOOGLE_NAMESPACE google
#define _START_GOOGLE_NAMESPACE_ namespace google {
#define _END_GOOGLE_NAMESPACE_ }
#define HAVE_USING_OPERATOR 1
#define HAVE_UCONTEXT_H 1
#define HAVE_SYS_UCONTEXT_H 1
#define PC_FROM_UCONTEXT uc_mcontext.gregs[REG_RIP]
#define TEST_SRC_DIR "."

configure: exit 0
